112.01.10 10:49 B C:\html\football\teams\AIR FORCE.htm --> www.knology.net /public/teams AIR FORCE.htm
112.01.10 10:49 B C:\html\football\teams\AKRON.htm --> www.knology.net /public/teams AKRON.htm
112.01.10 10:49 B C:\html\football\teams\ALABAMA.htm --> www.knology.net /public/teams ALABAMA.htm
112.01.10 10:49 B C:\html\football\teams\ARIZONA STATE.htm --> www.knology.net /public/teams ARIZONA STATE.htm
112.01.10 10:49 B C:\html\football\teams\ARIZONA.htm --> www.knology.net /public/teams ARIZONA.htm
112.01.10 10:49 B C:\html\football\teams\ARKANSAS STATE.htm --> www.knology.net /public/teams ARKANSAS STATE.htm
112.01.10 10:49 B C:\html\football\teams\ARKANSAS.htm --> www.knology.net /public/teams ARKANSAS.htm
112.01.10 10:49 B C:\html\football\teams\ARMY.htm --> www.knology.net /public/teams ARMY.htm
112.01.10 10:49 B C:\html\football\teams\AUBURN.htm --> www.knology.net /public/teams AUBURN.htm
112.01.10 10:49 B C:\html\football\teams\BALL STATE.htm --> www.knology.net /public/teams BALL STATE.htm
112.01.10 10:49 B C:\html\football\teams\BAYLOR.htm --> www.knology.net /public/teams BAYLOR.htm
112.01.10 10:49 B C:\html\football\teams\BOISE STATE.htm --> www.knology.net /public/teams BOISE STATE.htm
112.01.10 10:49 B C:\html\football\teams\BOSTON COLLEGE.htm --> www.knology.net /public/teams BOSTON COLLEGE.htm
112.01.10 10:49 B C:\html\football\teams\BOWLING GREEN.htm --> www.knology.net /public/teams BOWLING GREEN.htm
112.01.10 10:49 B C:\html\football\teams\BUFFALO.htm --> www.knology.net /public/teams BUFFALO.htm
112.01.10 10:49 B C:\html\football\teams\B-Y-U.htm --> www.knology.net /public/teams B-Y-U.htm
112.01.10 10:49 B C:\html\football\teams\CALIFORNIA.htm --> www.knology.net /public/teams CALIFORNIA.htm
112.01.10 10:49 B C:\html\football\teams\CENTRAL MICH.htm --> www.knology.net /public/teams CENTRAL MICH.htm
112.01.10 10:49 B C:\html\football\teams\CINCINNATI.htm --> www.knology.net /public/teams CINCINNATI.htm
112.01.10 10:49 B C:\html\football\teams\CLEMSON.htm --> www.knology.net /public/teams CLEMSON.htm
112.01.10 10:49 B C:\html\football\teams\COLORADO STATE.htm --> www.knology.net /public/teams COLORADO STATE.htm
112.01.10 10:49 B C:\html\football\teams\COLORADO.htm --> www.knology.net /public/teams COLORADO.htm
112.01.10 10:49 B C:\html\football\teams\CONNECTICUT.htm --> www.knology.net /public/teams CONNECTICUT.htm
112.01.10 10:49 B C:\html\football\teams\DUKE.htm --> www.knology.net /public/teams DUKE.htm
112.01.10 10:49 B C:\html\football\teams\EAST CAROLINA.htm --> www.knology.net /public/teams EAST CAROLINA.htm
112.01.10 10:49 B C:\html\football\teams\EASTERN MICH.htm --> www.knology.net /public/teams EASTERN MICH.htm
112.01.10 10:49 B C:\html\football\teams\FIU.htm --> www.knology.net /public/teams FIU.htm
112.01.10 10:49 B C:\html\football\teams\FLA ATLANTIC.htm --> www.knology.net /public/teams FLA ATLANTIC.htm
112.01.10 10:49 B C:\html\football\teams\FLORIDA STATE.htm --> www.knology.net /public/teams FLORIDA STATE.htm
112.01.10 10:49 B C:\html\football\teams\FLORIDA.htm --> www.knology.net /public/teams FLORIDA.htm
112.01.10 10:49 B C:\html\football\teams\FRESNO STATE.htm --> www.knology.net /public/teams FRESNO STATE.htm
112.01.10 10:49 B C:\html\football\teams\GEORGIA TECH.htm --> www.knology.net /public/teams GEORGIA TECH.htm
112.01.10 10:49 B C:\html\football\teams\GEORGIA.htm --> www.knology.net /public/teams GEORGIA.htm
112.01.10 10:49 B C:\html\football\teams\HAWAII.htm --> www.knology.net /public/teams HAWAII.htm
112.01.10 10:49 B C:\html\football\teams\HOUSTON.htm --> www.knology.net /public/teams HOUSTON.htm
112.01.10 10:49 B C:\html\football\teams\IDAHO.htm --> www.knology.net /public/teams IDAHO.htm
112.01.10 10:49 B C:\html\football\teams\ILLINOIS.htm --> www.knology.net /public/teams ILLINOIS.htm
112.01.10 10:49 B C:\html\football\teams\INDIANA.htm --> www.knology.net /public/teams INDIANA.htm
112.01.10 10:49 B C:\html\football\teams\IOWA STATE.htm --> www.knology.net /public/teams IOWA STATE.htm
112.01.10 10:49 B C:\html\football\teams\IOWA.htm --> www.knology.net /public/teams IOWA.htm
112.01.10 10:49 B C:\html\football\teams\KANSAS STATE.htm --> www.knology.net /public/teams KANSAS STATE.htm
112.01.10 10:49 B C:\html\football\teams\KANSAS.htm --> www.knology.net /public/teams KANSAS.htm
112.01.10 10:49 B C:\html\football\teams\KENT STATE.htm --> www.knology.net /public/teams KENT STATE.htm
112.01.10 10:49 B C:\html\football\teams\KENTUCKY.htm --> www.knology.net /public/teams KENTUCKY.htm
112.01.10 10:49 B C:\html\football\teams\LOUISIANA TECH.htm --> www.knology.net /public/teams LOUISIANA TECH.htm
112.01.10 10:49 B C:\html\football\teams\LOUISIANA.htm --> www.knology.net /public/teams LOUISIANA.htm
112.01.10 10:49 B C:\html\football\teams\LOUISVILLE.htm --> www.knology.net /public/teams LOUISVILLE.htm
112.01.10 10:49 B C:\html\football\teams\L-S-U.htm --> www.knology.net /public/teams L-S-U.htm
112.01.10 10:49 B C:\html\football\teams\MARSHALL.htm --> www.knology.net /public/teams MARSHALL.htm
112.01.10 10:49 B C:\html\football\teams\MARYLAND.htm --> www.knology.net /public/teams MARYLAND.htm
112.01.10 10:49 B C:\html\football\teams\MEMPHIS.htm --> www.knology.net /public/teams MEMPHIS.htm
112.01.10 10:49 B C:\html\football\teams\MIAMI-FLORIDA.htm --> www.knology.net /public/teams MIAMI-FLORIDA.htm
112.01.10 10:49 B C:\html\football\teams\MIAMI-OHIO.htm --> www.knology.net /public/teams MIAMI-OHIO.htm
112.01.10 10:49 B C:\html\football\teams\MICHIGAN STATE.htm --> www.knology.net /public/teams MICHIGAN STATE.htm
112.01.10 10:49 B C:\html\football\teams\MICHIGAN.htm --> www.knology.net /public/teams MICHIGAN.htm
112.01.10 10:49 B C:\html\football\teams\MIDDLE TENNESSEE.htm --> www.knology.net /public/teams MIDDLE TENNESSEE.htm
112.01.10 10:49 B C:\html\football\teams\MINNESOTA.htm --> www.knology.net /public/teams MINNESOTA.htm
112.01.10 10:49 B C:\html\football\teams\MISS STATE.htm --> www.knology.net /public/teams MISS STATE.htm
112.01.10 10:49 B C:\html\football\teams\MISSOURI.htm --> www.knology.net /public/teams MISSOURI.htm
112.01.10 10:49 B C:\html\football\teams\NAVY.htm --> www.knology.net /public/teams NAVY.htm
112.01.10 10:49 B C:\html\football\teams\NC STATE.htm --> www.knology.net /public/teams NC STATE.htm
112.01.10 10:49 B C:\html\football\teams\NEBRASKA.htm --> www.knology.net /public/teams NEBRASKA.htm
112.01.10 10:49 B C:\html\football\teams\NEVADA.htm --> www.knology.net /public/teams NEVADA.htm
112.01.10 10:49 B C:\html\football\teams\NEW MEXICO ST.htm --> www.knology.net /public/teams NEW MEXICO ST.htm
112.01.10 10:49 B C:\html\football\teams\NEW MEXICO.htm --> www.knology.net /public/teams NEW MEXICO.htm
112.01.10 10:49 B C:\html\football\teams\NORTH CAROLINA.htm --> www.knology.net /public/teams NORTH CAROLINA.htm
112.01.10 10:49 B C:\html\football\teams\NORTH TEXAS.htm --> www.knology.net /public/teams NORTH TEXAS.htm
112.01.10 10:49 B C:\html\football\teams\NORTHERN ILL.htm --> www.knology.net /public/teams NORTHERN ILL.htm
112.01.10 10:49 B C:\html\football\teams\NORTHWESTERN.htm --> www.knology.net /public/teams NORTHWESTERN.htm
112.01.10 10:49 B C:\html\football\teams\NOTRE DAME.htm --> www.knology.net /public/teams NOTRE DAME.htm
112.01.10 10:49 B C:\html\football\teams\OHIO STATE.htm --> www.knology.net /public/teams OHIO STATE.htm
112.01.10 10:49 B C:\html\football\teams\OHIO U.htm --> www.knology.net /public/teams OHIO U.htm
112.01.10 10:49 B C:\html\football\teams\OKLAHOMA STATE.htm --> www.knology.net /public/teams OKLAHOMA STATE.htm
112.01.10 10:49 B C:\html\football\teams\OKLAHOMA.htm --> www.knology.net /public/teams OKLAHOMA.htm
112.01.10 10:49 B C:\html\football\teams\OLE MISS.htm --> www.knology.net /public/teams OLE MISS.htm
112.01.10 10:49 B C:\html\football\teams\OREGON STATE.htm --> www.knology.net /public/teams OREGON STATE.htm
112.01.10 10:49 B C:\html\football\teams\OREGON.htm --> www.knology.net /public/teams OREGON.htm
112.01.10 10:49 B C:\html\football\teams\PENN STATE.htm --> www.knology.net /public/teams PENN STATE.htm
112.01.10 10:49 B C:\html\football\teams\PITTSBURGH.htm --> www.knology.net /public/teams PITTSBURGH.htm
112.01.10 10:49 B C:\html\football\teams\PURDUE.htm --> www.knology.net /public/teams PURDUE.htm
112.01.10 10:49 B C:\html\football\teams\RICE.htm --> www.knology.net /public/teams RICE.htm
112.01.10 10:50 B C:\html\football\teams\RUTGERS.htm --> www.knology.net /public/teams RUTGERS.htm
112.01.10 10:50 B C:\html\football\teams\SAN DIEGO ST.htm --> www.knology.net /public/teams SAN DIEGO ST.htm
112.01.10 10:50 B C:\html\football\teams\SAN JOSE ST.htm --> www.knology.net /public/teams SAN JOSE ST.htm
112.01.10 10:50 B C:\html\football\teams\S-M-U.htm --> www.knology.net /public/teams S-M-U.htm
112.01.10 10:50 B C:\html\football\teams\SO CAROLINA.htm --> www.knology.net /public/teams SO CAROLINA.htm
112.01.10 10:50 B C:\html\football\teams\SO FLORIDA.htm --> www.knology.net /public/teams SO FLORIDA.htm
112.01.10 10:50 B C:\html\football\teams\SOUTHERN MISS.htm --> www.knology.net /public/teams SOUTHERN MISS.htm
112.01.10 10:50 B C:\html\football\teams\STANFORD.htm --> www.knology.net /public/teams STANFORD.htm
112.01.10 10:50 B C:\html\football\teams\SYRACUSE.htm --> www.knology.net /public/teams SYRACUSE.htm
112.01.10 10:50 B C:\html\football\teams\T-C-U.htm --> www.knology.net /public/teams T-C-U.htm
112.01.10 10:50 B C:\html\football\teams\TEMPLE.htm --> www.knology.net /public/teams TEMPLE.htm
112.01.10 10:50 B C:\html\football\teams\TENNESSEE.htm --> www.knology.net /public/teams TENNESSEE.htm
112.01.10 10:50 B C:\html\football\teams\TEXAS A&M.htm --> www.knology.net /public/teams TEXAS A&M.htm
112.01.10 10:50 B C:\html\football\teams\TEXAS TECH.htm --> www.knology.net /public/teams TEXAS TECH.htm
112.01.10 10:50 B C:\html\football\teams\TEXAS.htm --> www.knology.net /public/teams TEXAS.htm
112.01.10 10:50 B C:\html\football\teams\TEXAS-EL PASO.htm --> www.knology.net /public/teams TEXAS-EL PASO.htm
112.01.10 10:50 B C:\html\football\teams\TOLEDO.htm --> www.knology.net /public/teams TOLEDO.htm
112.01.10 10:50 B C:\html\football\teams\TROY.htm --> www.knology.net /public/teams TROY.htm
112.01.10 10:50 B C:\html\football\teams\TULANE.htm --> www.knology.net /public/teams TULANE.htm
112.01.10 10:50 B C:\html\football\teams\TULSA.htm --> www.knology.net /public/teams TULSA.htm
112.01.10 10:50 B C:\html\football\teams\U-A-B.htm --> www.knology.net /public/teams U-A-B.htm
112.01.10 10:50 B C:\html\football\teams\U-C-F.htm --> www.knology.net /public/teams U-C-F.htm
112.01.10 10:50 B C:\html\football\teams\U-C-L-A.htm --> www.knology.net /public/teams U-C-L-A.htm
112.01.10 10:50 B C:\html\football\teams\ULM.htm --> www.knology.net /public/teams ULM.htm
112.01.10 10:50 B C:\html\football\teams\U-N-L-V.htm --> www.knology.net /public/teams U-N-L-V.htm
112.01.10 10:50 B C:\html\football\teams\U-S-C.htm --> www.knology.net /public/teams U-S-C.htm
112.01.10 10:50 B C:\html\football\teams\UTAH STATE.htm --> www.knology.net /public/teams UTAH STATE.htm
112.01.10 10:50 B C:\html\football\teams\UTAH.htm --> www.knology.net /public/teams UTAH.htm
112.01.10 10:50 B C:\html\football\teams\VANDERBILT.htm --> www.knology.net /public/teams VANDERBILT.htm
112.01.10 10:50 B C:\html\football\teams\VIRGINIA TECH.htm --> www.knology.net /public/teams VIRGINIA TECH.htm
112.01.10 10:50 B C:\html\football\teams\VIRGINIA.htm --> www.knology.net /public/teams VIRGINIA.htm
112.01.10 10:50 B C:\html\football\teams\WAKE FOREST.htm --> www.knology.net /public/teams WAKE FOREST.htm
112.01.10 10:50 B C:\html\football\teams\WASHINGTON ST.htm --> www.knology.net /public/teams WASHINGTON ST.htm
112.01.10 10:50 B C:\html\football\teams\WASHINGTON.htm --> www.knology.net /public/teams WASHINGTON.htm
112.01.10 10:50 B C:\html\football\teams\WEST VIRGINIA.htm --> www.knology.net /public/teams WEST VIRGINIA.htm
112.01.10 10:50 B C:\html\football\teams\WESTERN KY.htm --> www.knology.net /public/teams WESTERN KY.htm
112.01.10 10:50 B C:\html\football\teams\WESTERN MICH.htm --> www.knology.net /public/teams WESTERN MICH.htm
112.01.10 10:50 B C:\html\football\teams\WISCONSIN.htm --> www.knology.net /public/teams WISCONSIN.htm
112.01.10 10:50 B C:\html\football\teams\WYOMING.htm --> www.knology.net /public/teams WYOMING.htm
