111.05.26 15:11 B C:\html\football\PAPAS.txt --> www.knology.net /public PAPAS.txt
111.07.29 15:57 B C:\html\football\index.htm --> www.knology.net /public index.htm
111.07.29 15:57 B C:\html\football\PayneRatings.htm --> www.knology.net /public PayneRatings.htm
111.07.29 15:57 B C:\html\football\Predictions.htm --> www.knology.net /public Predictions.htm
111.07.29 15:57 B C:\html\football\week0.htm --> www.knology.net /public week0.htm
111.07.29 16:05 B C:\html\football\Predictions.htm --> www.knology.net /public Predictions.htm
111.07.29 16:09 B C:\html\football\Predictions.htm --> www.knology.net /public Predictions.htm
111.09.06 05:26 B C:\html\football\Explanation.htm --> www.knology.net /public Explanation.htm
111.09.06 05:26 B C:\html\football\index.htm --> www.knology.net /public index.htm
111.09.06 05:26 B C:\html\football\PayneRatings.htm --> www.knology.net /public PayneRatings.htm
111.09.06 05:26 B C:\html\football\Predictions.htm --> www.knology.net /public Predictions.htm
111.09.06 05:26 B C:\html\football\week1.htm --> www.knology.net /public week1.htm
111.09.11 19:42 B C:\html\football\index.htm --> www.knology.net /public index.htm
111.09.11 19:42 B C:\html\football\PayneRatings.htm --> www.knology.net /public PayneRatings.htm
111.09.11 19:42 B C:\html\football\Predictions.htm --> www.knology.net /public Predictions.htm
111.09.11 19:42 B C:\html\football\week2.htm --> www.knology.net /public week2.htm
111.09.18 07:41 B C:\html\football\index.htm --> www.knology.net /public index.htm
111.09.18 07:41 B C:\html\football\PayneRatings.htm --> www.knology.net /public PayneRatings.htm
111.09.18 07:41 B C:\html\football\Predictions.htm --> www.knology.net /public Predictions.htm
111.09.18 07:41 B C:\html\football\week3.htm --> www.knology.net /public week3.htm
111.09.25 04:54 B C:\html\football\index.htm --> www.knology.net /public index.htm
111.09.25 04:54 B C:\html\football\PayneRatings.htm --> www.knology.net /public PayneRatings.htm
111.09.25 04:54 B C:\html\football\Predictions.htm --> www.knology.net /public Predictions.htm
111.09.25 04:54 B C:\html\football\week4.htm --> www.knology.net /public week4.htm
111.10.02 05:06 B C:\html\football\index.htm --> www.knology.net /public index.htm
111.10.02 05:06 B C:\html\football\PayneRatings.htm --> www.knology.net /public PayneRatings.htm
111.10.02 05:06 B C:\html\football\Predictions.htm --> www.knology.net /public Predictions.htm
111.10.02 05:06 B C:\html\football\week5.htm --> www.knology.net /public week5.htm
111.10.02 16:03 B C:\html\football\index.htm --> www.knology.net /public index.htm
111.10.02 16:03 B C:\html\football\PayneRatings.htm --> www.knology.net /public PayneRatings.htm
111.10.16 04:44 B C:\html\football\index.htm --> www.knology.net /public index.htm
111.10.16 04:44 B C:\html\football\PayneRatings.htm --> www.knology.net /public PayneRatings.htm
111.10.16 04:44 B C:\html\football\Predictions.htm --> www.knology.net /public Predictions.htm
111.10.16 04:44 B C:\html\football\week7.htm --> www.knology.net /public week7.htm
111.10.23 03:46 B C:\html\football\index.htm --> www.knology.net /public index.htm
111.10.23 03:46 B C:\html\football\PayneRatings.htm --> www.knology.net /public PayneRatings.htm
111.10.23 03:46 B C:\html\football\Predictions.htm --> www.knology.net /public Predictions.htm
111.10.23 03:46 B C:\html\football\week8.htm --> www.knology.net /public week8.htm
111.10.30 04:50 B C:\html\football\index.htm --> www.knology.net /public index.htm
111.10.30 04:50 B C:\html\football\PayneRatings.htm --> www.knology.net /public PayneRatings.htm
111.10.30 04:50 B C:\html\football\Predictions.htm --> www.knology.net /public Predictions.htm
111.10.30 04:50 B C:\html\football\week9.htm --> www.knology.net /public week9.htm
111.11.06 04:17 B C:\html\football\index.htm --> www.knology.net /public index.htm
111.11.06 04:17 B C:\html\football\PayneRatings.htm --> www.knology.net /public PayneRatings.htm
111.11.06 04:17 B C:\html\football\Predictions.htm --> www.knology.net /public Predictions.htm
111.11.06 04:17 B C:\html\football\week10.htm --> www.knology.net /public week10.htm
111.11.13 04:49 B C:\html\football\index.htm --> www.knology.net /public index.htm
111.11.13 04:49 B C:\html\football\PayneRatings.htm --> www.knology.net /public PayneRatings.htm
111.11.13 04:52 B C:\html\football\Predictions.htm --> www.knology.net /public Predictions.htm
111.11.13 04:52 B C:\html\football\week11.htm --> www.knology.net /public week11.htm
111.11.20 05:39 B C:\html\football\index.htm --> www.knology.net /public index.htm
111.11.20 05:39 B C:\html\football\PayneRatings.htm --> www.knology.net /public PayneRatings.htm
111.11.20 05:39 B C:\html\football\Predictions.htm --> www.knology.net /public Predictions.htm
111.11.20 05:39 B C:\html\football\week12.htm --> www.knology.net /public week12.htm
111.11.27 05:03 B C:\html\football\index.htm --> www.knology.net /public index.htm
111.11.27 05:03 B C:\html\football\PayneRatings.htm --> www.knology.net /public PayneRatings.htm
111.11.27 05:04 B C:\html\football\index.htm --> www.knology.net /public index.htm
111.11.27 05:04 B C:\html\football\PayneRatings.htm --> www.knology.net /public PayneRatings.htm
111.11.27 05:04 B C:\html\football\Predictions.htm --> www.knology.net /public Predictions.htm
111.11.27 05:04 B C:\html\football\week13.htm --> www.knology.net /public week13.htm
111.12.04 04:15 B C:\html\football\index.htm --> www.knology.net /public index.htm
111.12.04 04:15 B C:\html\football\PayneRatings.htm --> www.knology.net /public PayneRatings.htm
111.12.04 04:15 B C:\html\football\Predictions.htm --> www.knology.net /public Predictions.htm
111.12.04 04:15 B C:\html\football\week14.htm --> www.knology.net /public week14.htm
111.12.05 10:15 B C:\html\football\index.htm --> www.knology.net /public index.htm
111.12.05 10:15 B C:\html\football\PayneRatings.htm --> www.knology.net /public PayneRatings.htm
111.12.05 10:15 B C:\html\football\Predictions.htm --> www.knology.net /public Predictions.htm
111.12.05 10:15 B C:\html\football\week14.htm --> www.knology.net /public week14.htm
111.12.10 17:23 B C:\html\football\index.htm --> www.knology.net /public index.htm
111.12.10 17:23 B C:\html\football\index.htm --> www.knology.net /public index.htm
111.12.10 17:24 B C:\html\football\PayneRatings.htm --> www.knology.net /public PayneRatings.htm
111.12.10 17:24 B C:\html\football\Predictions.htm --> www.knology.net /public Predictions.htm
111.12.10 17:24 B C:\html\football\week15.htm --> www.knology.net /public week15.htm
111.12.10 18:00 B C:\html\football\Predictions.htm --> www.knology.net /public Predictions.htm
112.01.10 10:48 B C:\html\football\index.htm --> www.knology.net /public index.htm
112.01.10 10:48 B C:\html\football\PayneRatings.htm --> www.knology.net /public PayneRatings.htm
112.01.10 10:48 B C:\html\football\Predictions.htm --> www.knology.net /public Predictions.htm
112.01.10 10:48 B C:\html\football\week16.htm --> www.knology.net /public week16.htm
