111.07.29 15:50 B C:\html\football\2010\fbbackground.jpg --> www.knology.net /public/2010 fbbackground.jpg
111.07.29 15:50 B C:\html\football\2010\PayneRatings.htm --> www.knology.net /public/2010 PayneRatings.htm
111.07.29 15:50 B C:\html\football\2010\preseason.htm --> www.knology.net /public/2010 preseason.htm
111.07.29 15:50 B C:\html\football\2010\week1.htm --> www.knology.net /public/2010 week1.htm
111.07.29 15:50 B C:\html\football\2010\week10.htm --> www.knology.net /public/2010 week10.htm
111.07.29 15:50 B C:\html\football\2010\week11.htm --> www.knology.net /public/2010 week11.htm
111.07.29 15:50 B C:\html\football\2010\week12.htm --> www.knology.net /public/2010 week12.htm
111.07.29 15:50 B C:\html\football\2010\week13.htm --> www.knology.net /public/2010 week13.htm
111.07.29 15:50 B C:\html\football\2010\week14.htm --> www.knology.net /public/2010 week14.htm
111.07.29 15:50 B C:\html\football\2010\week15.htm --> www.knology.net /public/2010 week15.htm
111.07.29 15:50 B C:\html\football\2010\week16.htm --> www.knology.net /public/2010 week16.htm
111.07.29 15:50 B C:\html\football\2010\week2.htm --> www.knology.net /public/2010 week2.htm
111.07.29 15:50 B C:\html\football\2010\week3.htm --> www.knology.net /public/2010 week3.htm
111.07.29 15:50 B C:\html\football\2010\week4.htm --> www.knology.net /public/2010 week4.htm
111.07.29 15:50 B C:\html\football\2010\week5.htm --> www.knology.net /public/2010 week5.htm
111.07.29 15:50 B C:\html\football\2010\week6.htm --> www.knology.net /public/2010 week6.htm
111.07.29 15:50 B C:\html\football\2010\week7.htm --> www.knology.net /public/2010 week7.htm
111.07.29 15:50 B C:\html\football\2010\week8.htm --> www.knology.net /public/2010 week8.htm
111.07.29 15:50 B C:\html\football\2010\week9.htm --> www.knology.net /public/2010 week9.htm
111.07.29 15:50 B C:\html\football\2010\weekFinal.htm --> www.knology.net /public/2010 weekFinal.htm
