98.08.28 12:00 B c:\html\football\1997\explain.htm --> members.aol.com /brucepayne/football/1997 explain.htm
98.08.28 12:00 B c:\html\football\1997\football.htm --> members.aol.com /brucepayne/football/1997 football.htm
98.08.28 12:00 B c:\html\football\1997\overall.htm --> members.aol.com /brucepayne/football/1997 overall.htm
98.08.28 12:00 B c:\html\football\1997\week10p.htm --> members.aol.com /brucepayne/football/1997 week10p.htm
98.08.28 12:01 B c:\html\football\1997\week10r.htm --> members.aol.com /brucepayne/football/1997 week10r.htm
98.08.28 12:01 B c:\html\football\1997\week11p.htm --> members.aol.com /brucepayne/football/1997 week11p.htm
98.08.28 12:01 B c:\html\football\1997\week11r.htm --> members.aol.com /brucepayne/football/1997 week11r.htm
98.08.28 12:05 B c:\html\football\1997\week12p.htm --> members.aol.com /brucepayne/football/1997 week12p.htm
98.08.28 12:08 B c:\html\football\1997\week12p.htm --> members.aol.com /brucepayne/football/1997 week12p.htm
98.08.28 12:08 B c:\html\football\1997\week12r.htm --> members.aol.com /brucepayne/football/1997 week12r.htm
98.08.28 12:08 B c:\html\football\1997\week13p.htm --> members.aol.com /brucepayne/football/1997 week13p.htm
98.08.28 12:08 B c:\html\football\1997\week13r.htm --> members.aol.com /brucepayne/football/1997 week13r.htm
98.08.28 12:08 B c:\html\football\1997\week14p.htm --> members.aol.com /brucepayne/football/1997 week14p.htm
98.08.28 12:08 B c:\html\football\1997\week14r.htm --> members.aol.com /brucepayne/football/1997 week14r.htm
98.08.28 12:08 B c:\html\football\1997\week15p.htm --> members.aol.com /brucepayne/football/1997 week15p.htm
98.08.28 12:08 B c:\html\football\1997\week15r.htm --> members.aol.com /brucepayne/football/1997 week15r.htm
98.08.28 12:08 B c:\html\football\1997\week16p.htm --> members.aol.com /brucepayne/football/1997 week16p.htm
98.08.28 12:08 B c:\html\football\1997\week16r.htm --> members.aol.com /brucepayne/football/1997 week16r.htm
98.08.28 12:09 B c:\html\football\1997\week3p.htm --> members.aol.com /brucepayne/football/1997 week3p.htm
98.08.28 12:09 B c:\html\football\1997\week3r.htm --> members.aol.com /brucepayne/football/1997 week3r.htm
98.08.28 12:09 B c:\html\football\1997\week4p.htm --> members.aol.com /brucepayne/football/1997 week4p.htm
98.08.28 12:09 B c:\html\football\1997\week4r.htm --> members.aol.com /brucepayne/football/1997 week4r.htm
98.08.28 12:09 B c:\html\football\1997\week5p.htm --> members.aol.com /brucepayne/football/1997 week5p.htm
98.08.28 12:09 B c:\html\football\1997\week5r.htm --> members.aol.com /brucepayne/football/1997 week5r.htm
98.08.28 12:09 B c:\html\football\1997\week6p.htm --> members.aol.com /brucepayne/football/1997 week6p.htm
98.08.28 12:09 B c:\html\football\1997\week6r.htm --> members.aol.com /brucepayne/football/1997 week6r.htm
98.08.28 12:09 B c:\html\football\1997\week7p.htm --> members.aol.com /brucepayne/football/1997 week7p.htm
98.08.28 12:09 B c:\html\football\1997\week7r.htm --> members.aol.com /brucepayne/football/1997 week7r.htm
98.08.28 12:09 B c:\html\football\1997\week8p.htm --> members.aol.com /brucepayne/football/1997 week8p.htm
98.08.28 12:09 B c:\html\football\1997\week8r.htm --> members.aol.com /brucepayne/football/1997 week8r.htm
98.08.28 12:09 B c:\html\football\1997\week9p.htm --> members.aol.com /brucepayne/football/1997 week9p.htm
98.08.28 12:09 B c:\html\football\1997\week9r.htm --> members.aol.com /brucepayne/football/1997 week9r.htm
