111.07.29 14:51 B C:\html\football\2010\teams\AIR FORCE.htm <-- www.knology.net /public/teams AIR FORCE.htm
111.07.29 14:51 B C:\html\football\2010\teams\AKRON.htm <-- www.knology.net /public/teams AKRON.htm
111.07.29 14:51 B C:\html\football\2010\teams\ALABAMA.htm <-- www.knology.net /public/teams ALABAMA.htm
111.07.29 14:51 B C:\html\football\2010\teams\ARIZONA STATE.htm <-- www.knology.net /public/teams ARIZONA STATE.htm
111.07.29 14:51 B C:\html\football\2010\teams\ARIZONA.htm <-- www.knology.net /public/teams ARIZONA.htm
111.07.29 14:51 B C:\html\football\2010\teams\ARKANSAS STATE.htm <-- www.knology.net /public/teams ARKANSAS STATE.htm
111.07.29 14:51 B C:\html\football\2010\teams\ARKANSAS.htm <-- www.knology.net /public/teams ARKANSAS.htm
111.07.29 14:51 B C:\html\football\2010\teams\ARMY.htm <-- www.knology.net /public/teams ARMY.htm
111.07.29 14:51 B C:\html\football\2010\teams\AUBURN.htm <-- www.knology.net /public/teams AUBURN.htm
111.07.29 14:51 B C:\html\football\2010\teams\B-Y-U.htm <-- www.knology.net /public/teams B-Y-U.htm
111.07.29 14:51 B C:\html\football\2010\teams\BALL STATE.htm <-- www.knology.net /public/teams BALL STATE.htm
111.07.29 14:51 B C:\html\football\2010\teams\BAYLOR.htm <-- www.knology.net /public/teams BAYLOR.htm
111.07.29 14:51 B C:\html\football\2010\teams\BOISE STATE.htm <-- www.knology.net /public/teams BOISE STATE.htm
111.07.29 14:51 B C:\html\football\2010\teams\BOSTON COLLEGE.htm <-- www.knology.net /public/teams BOSTON COLLEGE.htm
111.07.29 14:51 B C:\html\football\2010\teams\BOWLING GREEN.htm <-- www.knology.net /public/teams BOWLING GREEN.htm
111.07.29 14:51 B C:\html\football\2010\teams\BUFFALO.htm <-- www.knology.net /public/teams BUFFALO.htm
111.07.29 14:51 B C:\html\football\2010\teams\CALIFORNIA.htm <-- www.knology.net /public/teams CALIFORNIA.htm
111.07.29 14:51 B C:\html\football\2010\teams\CENTRAL MICH.htm <-- www.knology.net /public/teams CENTRAL MICH.htm
111.07.29 14:51 B C:\html\football\2010\teams\CINCINNATI.htm <-- www.knology.net /public/teams CINCINNATI.htm
111.07.29 14:51 B C:\html\football\2010\teams\CLEMSON.htm <-- www.knology.net /public/teams CLEMSON.htm
111.07.29 14:51 B C:\html\football\2010\teams\COLORADO STATE.htm <-- www.knology.net /public/teams COLORADO STATE.htm
111.07.29 14:51 B C:\html\football\2010\teams\COLORADO.htm <-- www.knology.net /public/teams COLORADO.htm
111.07.29 14:51 B C:\html\football\2010\teams\CONNECTICUT.htm <-- www.knology.net /public/teams CONNECTICUT.htm
111.07.29 14:51 B C:\html\football\2010\teams\DUKE.htm <-- www.knology.net /public/teams DUKE.htm
111.07.29 14:51 B C:\html\football\2010\teams\EAST CAROLINA.htm <-- www.knology.net /public/teams EAST CAROLINA.htm
111.07.29 14:51 B C:\html\football\2010\teams\EASTERN MICH.htm <-- www.knology.net /public/teams EASTERN MICH.htm
111.07.29 14:51 B C:\html\football\2010\teams\FIU.htm <-- www.knology.net /public/teams FIU.htm
111.07.29 14:51 B C:\html\football\2010\teams\FLA ATLANTIC.htm <-- www.knology.net /public/teams FLA ATLANTIC.htm
111.07.29 14:51 B C:\html\football\2010\teams\FLORIDA STATE.htm <-- www.knology.net /public/teams FLORIDA STATE.htm
111.07.29 14:51 B C:\html\football\2010\teams\FLORIDA.htm <-- www.knology.net /public/teams FLORIDA.htm
111.07.29 14:51 B C:\html\football\2010\teams\FRESNO STATE.htm <-- www.knology.net /public/teams FRESNO STATE.htm
111.07.29 14:51 B C:\html\football\2010\teams\GEORGIA TECH.htm <-- www.knology.net /public/teams GEORGIA TECH.htm
111.07.29 14:51 B C:\html\football\2010\teams\GEORGIA.htm <-- www.knology.net /public/teams GEORGIA.htm
111.07.29 14:51 B C:\html\football\2010\teams\HAWAII.htm <-- www.knology.net /public/teams HAWAII.htm
111.07.29 14:51 B C:\html\football\2010\teams\HOUSTON.htm <-- www.knology.net /public/teams HOUSTON.htm
111.07.29 14:51 B C:\html\football\2010\teams\IDAHO.htm <-- www.knology.net /public/teams IDAHO.htm
111.07.29 14:51 B C:\html\football\2010\teams\ILLINOIS.htm <-- www.knology.net /public/teams ILLINOIS.htm
111.07.29 14:51 B C:\html\football\2010\teams\INDIANA.htm <-- www.knology.net /public/teams INDIANA.htm
111.07.29 14:51 B C:\html\football\2010\teams\IOWA STATE.htm <-- www.knology.net /public/teams IOWA STATE.htm
111.07.29 14:51 B C:\html\football\2010\teams\IOWA.htm <-- www.knology.net /public/teams IOWA.htm
111.07.29 14:51 B C:\html\football\2010\teams\KANSAS STATE.htm <-- www.knology.net /public/teams KANSAS STATE.htm
111.07.29 14:51 B C:\html\football\2010\teams\KANSAS.htm <-- www.knology.net /public/teams KANSAS.htm
111.07.29 14:51 B C:\html\football\2010\teams\KENT STATE.htm <-- www.knology.net /public/teams KENT STATE.htm
111.07.29 14:51 B C:\html\football\2010\teams\KENTUCKY.htm <-- www.knology.net /public/teams KENTUCKY.htm
111.07.29 14:51 B C:\html\football\2010\teams\L-S-U.htm <-- www.knology.net /public/teams L-S-U.htm
111.07.29 14:51 B C:\html\football\2010\teams\LOUISIANA TECH.htm <-- www.knology.net /public/teams LOUISIANA TECH.htm
111.07.29 14:51 B C:\html\football\2010\teams\LOUISIANA.htm <-- www.knology.net /public/teams LOUISIANA.htm
111.07.29 14:51 B C:\html\football\2010\teams\LOUISVILLE.htm <-- www.knology.net /public/teams LOUISVILLE.htm
111.07.29 14:51 B C:\html\football\2010\teams\MARSHALL.htm <-- www.knology.net /public/teams MARSHALL.htm
111.07.29 14:51 B C:\html\football\2010\teams\MARYLAND.htm <-- www.knology.net /public/teams MARYLAND.htm
111.07.29 14:51 B C:\html\football\2010\teams\MEMPHIS.htm <-- www.knology.net /public/teams MEMPHIS.htm
111.07.29 14:51 B C:\html\football\2010\teams\MIAMI-FLORIDA.htm <-- www.knology.net /public/teams MIAMI-FLORIDA.htm
111.07.29 14:51 B C:\html\football\2010\teams\MIAMI-OHIO.htm <-- www.knology.net /public/teams MIAMI-OHIO.htm
111.07.29 14:51 B C:\html\football\2010\teams\MICHIGAN STATE.htm <-- www.knology.net /public/teams MICHIGAN STATE.htm
111.07.29 14:51 B C:\html\football\2010\teams\MICHIGAN.htm <-- www.knology.net /public/teams MICHIGAN.htm
111.07.29 14:51 B C:\html\football\2010\teams\MIDDLE TENNESSEE.htm <-- www.knology.net /public/teams MIDDLE TENNESSEE.htm
111.07.29 14:51 B C:\html\football\2010\teams\MINNESOTA.htm <-- www.knology.net /public/teams MINNESOTA.htm
111.07.29 14:51 B C:\html\football\2010\teams\MISS STATE.htm <-- www.knology.net /public/teams MISS STATE.htm
111.07.29 14:51 B C:\html\football\2010\teams\MISSOURI.htm <-- www.knology.net /public/teams MISSOURI.htm
111.07.29 14:51 B C:\html\football\2010\teams\NAVY.htm <-- www.knology.net /public/teams NAVY.htm
111.07.29 14:51 B C:\html\football\2010\teams\NC STATE.htm <-- www.knology.net /public/teams NC STATE.htm
111.07.29 14:51 B C:\html\football\2010\teams\NEBRASKA.htm <-- www.knology.net /public/teams NEBRASKA.htm
111.07.29 14:51 B C:\html\football\2010\teams\NEVADA.htm <-- www.knology.net /public/teams NEVADA.htm
111.07.29 14:51 B C:\html\football\2010\teams\NEW MEXICO ST.htm <-- www.knology.net /public/teams NEW MEXICO ST.htm
111.07.29 14:51 B C:\html\football\2010\teams\NEW MEXICO.htm <-- www.knology.net /public/teams NEW MEXICO.htm
111.07.29 14:51 B C:\html\football\2010\teams\NORTH CAROLINA.htm <-- www.knology.net /public/teams NORTH CAROLINA.htm
111.07.29 14:51 B C:\html\football\2010\teams\NORTH TEXAS.htm <-- www.knology.net /public/teams NORTH TEXAS.htm
111.07.29 14:51 B C:\html\football\2010\teams\NORTHERN ILL.htm <-- www.knology.net /public/teams NORTHERN ILL.htm
111.07.29 14:51 B C:\html\football\2010\teams\NORTHWESTERN.htm <-- www.knology.net /public/teams NORTHWESTERN.htm
111.07.29 14:51 B C:\html\football\2010\teams\NOTRE DAME.htm <-- www.knology.net /public/teams NOTRE DAME.htm
111.07.29 14:51 B C:\html\football\2010\teams\OHIO STATE.htm <-- www.knology.net /public/teams OHIO STATE.htm
111.07.29 14:51 B C:\html\football\2010\teams\OHIO U.htm <-- www.knology.net /public/teams OHIO U.htm
111.07.29 14:51 B C:\html\football\2010\teams\OKLAHOMA STATE.htm <-- www.knology.net /public/teams OKLAHOMA STATE.htm
111.07.29 14:51 B C:\html\football\2010\teams\OKLAHOMA.htm <-- www.knology.net /public/teams OKLAHOMA.htm
111.07.29 14:51 B C:\html\football\2010\teams\OLE MISS.htm <-- www.knology.net /public/teams OLE MISS.htm
111.07.29 14:51 B C:\html\football\2010\teams\OREGON STATE.htm <-- www.knology.net /public/teams OREGON STATE.htm
111.07.29 14:51 B C:\html\football\2010\teams\OREGON.htm <-- www.knology.net /public/teams OREGON.htm
111.07.29 14:51 B C:\html\football\2010\teams\PENN STATE.htm <-- www.knology.net /public/teams PENN STATE.htm
111.07.29 14:51 B C:\html\football\2010\teams\PITTSBURGH.htm <-- www.knology.net /public/teams PITTSBURGH.htm
111.07.29 14:51 B C:\html\football\2010\teams\PURDUE.htm <-- www.knology.net /public/teams PURDUE.htm
111.07.29 14:51 B C:\html\football\2010\teams\RICE.htm <-- www.knology.net /public/teams RICE.htm
111.07.29 14:51 B C:\html\football\2010\teams\RUTGERS.htm <-- www.knology.net /public/teams RUTGERS.htm
111.07.29 14:51 B C:\html\football\2010\teams\S-M-U.htm <-- www.knology.net /public/teams S-M-U.htm
111.07.29 14:51 B C:\html\football\2010\teams\SAN DIEGO ST.htm <-- www.knology.net /public/teams SAN DIEGO ST.htm
111.07.29 14:51 B C:\html\football\2010\teams\SAN JOSE ST.htm <-- www.knology.net /public/teams SAN JOSE ST.htm
111.07.29 14:51 B C:\html\football\2010\teams\SO CAROLINA.htm <-- www.knology.net /public/teams SO CAROLINA.htm
111.07.29 14:51 B C:\html\football\2010\teams\SO FLORIDA.htm <-- www.knology.net /public/teams SO FLORIDA.htm
111.07.29 14:51 B C:\html\football\2010\teams\SOUTHERN MISS.htm <-- www.knology.net /public/teams SOUTHERN MISS.htm
111.07.29 14:51 B C:\html\football\2010\teams\STANFORD.htm <-- www.knology.net /public/teams STANFORD.htm
111.07.29 14:51 B C:\html\football\2010\teams\SYRACUSE.htm <-- www.knology.net /public/teams SYRACUSE.htm
111.07.29 14:51 B C:\html\football\2010\teams\T-C-U.htm <-- www.knology.net /public/teams T-C-U.htm
111.07.29 14:51 B C:\html\football\2010\teams\TEMPLE.htm <-- www.knology.net /public/teams TEMPLE.htm
111.07.29 14:51 B C:\html\football\2010\teams\TENNESSEE.htm <-- www.knology.net /public/teams TENNESSEE.htm
111.07.29 14:51 B C:\html\football\2010\teams\TEXAS A&M.htm <-- www.knology.net /public/teams TEXAS A&M.htm
111.07.29 14:51 B C:\html\football\2010\teams\TEXAS TECH.htm <-- www.knology.net /public/teams TEXAS TECH.htm
111.07.29 14:51 B C:\html\football\2010\teams\TEXAS-EL PASO.htm <-- www.knology.net /public/teams TEXAS-EL PASO.htm
111.07.29 14:51 B C:\html\football\2010\teams\TEXAS.htm <-- www.knology.net /public/teams TEXAS.htm
111.07.29 14:51 B C:\html\football\2010\teams\TOLEDO.htm <-- www.knology.net /public/teams TOLEDO.htm
111.07.29 14:51 B C:\html\football\2010\teams\TROY.htm <-- www.knology.net /public/teams TROY.htm
111.07.29 14:51 B C:\html\football\2010\teams\TULANE.htm <-- www.knology.net /public/teams TULANE.htm
111.07.29 14:51 B C:\html\football\2010\teams\TULSA.htm <-- www.knology.net /public/teams TULSA.htm
111.07.29 14:51 B C:\html\football\2010\teams\U-A-B.htm <-- www.knology.net /public/teams U-A-B.htm
111.07.29 14:51 B C:\html\football\2010\teams\U-C-F.htm <-- www.knology.net /public/teams U-C-F.htm
111.07.29 14:51 B C:\html\football\2010\teams\U-C-L-A.htm <-- www.knology.net /public/teams U-C-L-A.htm
111.07.29 14:51 B C:\html\football\2010\teams\U-N-L-V.htm <-- www.knology.net /public/teams U-N-L-V.htm
111.07.29 14:51 B C:\html\football\2010\teams\U-S-C.htm <-- www.knology.net /public/teams U-S-C.htm
111.07.29 14:51 B C:\html\football\2010\teams\ULM.htm <-- www.knology.net /public/teams ULM.htm
111.07.29 14:51 B C:\html\football\2010\teams\UTAH STATE.htm <-- www.knology.net /public/teams UTAH STATE.htm
111.07.29 14:51 B C:\html\football\2010\teams\UTAH.htm <-- www.knology.net /public/teams UTAH.htm
111.07.29 14:51 B C:\html\football\2010\teams\VANDERBILT.htm <-- www.knology.net /public/teams VANDERBILT.htm
111.07.29 14:51 B C:\html\football\2010\teams\VIRGINIA TECH.htm <-- www.knology.net /public/teams VIRGINIA TECH.htm
111.07.29 14:51 B C:\html\football\2010\teams\VIRGINIA.htm <-- www.knology.net /public/teams VIRGINIA.htm
111.07.29 14:51 B C:\html\football\2010\teams\WAKE FOREST.htm <-- www.knology.net /public/teams WAKE FOREST.htm
111.07.29 14:51 B C:\html\football\2010\teams\WASHINGTON ST.htm <-- www.knology.net /public/teams WASHINGTON ST.htm
111.07.29 14:51 B C:\html\football\2010\teams\WASHINGTON.htm <-- www.knology.net /public/teams WASHINGTON.htm
111.07.29 14:51 B C:\html\football\2010\teams\WEST VIRGINIA.htm <-- www.knology.net /public/teams WEST VIRGINIA.htm
111.07.29 14:51 B C:\html\football\2010\teams\WESTERN KY.htm <-- www.knology.net /public/teams WESTERN KY.htm
111.07.29 14:51 B C:\html\football\2010\teams\WESTERN MICH.htm <-- www.knology.net /public/teams WESTERN MICH.htm
111.07.29 14:51 B C:\html\football\2010\teams\WISCONSIN.htm <-- www.knology.net /public/teams WISCONSIN.htm
111.07.29 14:51 B C:\html\football\2010\teams\WYOMING.htm <-- www.knology.net /public/teams WYOMING.htm
111.07.29 15:51 B C:\html\football\2010\teams\AIR FORCE.htm --> www.knology.net /public/2010/teams AIR FORCE.htm
111.07.29 15:51 B C:\html\football\2010\teams\AKRON.htm --> www.knology.net /public/2010/teams AKRON.htm
111.07.29 15:51 B C:\html\football\2010\teams\ALABAMA.htm --> www.knology.net /public/2010/teams ALABAMA.htm
111.07.29 15:51 B C:\html\football\2010\teams\ARIZONA STATE.htm --> www.knology.net /public/2010/teams ARIZONA STATE.htm
111.07.29 15:51 B C:\html\football\2010\teams\ARIZONA.htm --> www.knology.net /public/2010/teams ARIZONA.htm
111.07.29 15:51 B C:\html\football\2010\teams\ARKANSAS STATE.htm --> www.knology.net /public/2010/teams ARKANSAS STATE.htm
111.07.29 15:51 B C:\html\football\2010\teams\ARKANSAS.htm --> www.knology.net /public/2010/teams ARKANSAS.htm
111.07.29 15:51 B C:\html\football\2010\teams\ARMY.htm --> www.knology.net /public/2010/teams ARMY.htm
111.07.29 15:51 B C:\html\football\2010\teams\AUBURN.htm --> www.knology.net /public/2010/teams AUBURN.htm
111.07.29 15:51 B C:\html\football\2010\teams\BALL STATE.htm --> www.knology.net /public/2010/teams BALL STATE.htm
111.07.29 15:51 B C:\html\football\2010\teams\BAYLOR.htm --> www.knology.net /public/2010/teams BAYLOR.htm
111.07.29 15:51 B C:\html\football\2010\teams\BOISE STATE.htm --> www.knology.net /public/2010/teams BOISE STATE.htm
111.07.29 15:51 B C:\html\football\2010\teams\BOSTON COLLEGE.htm --> www.knology.net /public/2010/teams BOSTON COLLEGE.htm
111.07.29 15:51 B C:\html\football\2010\teams\BOWLING GREEN.htm --> www.knology.net /public/2010/teams BOWLING GREEN.htm
111.07.29 15:51 B C:\html\football\2010\teams\BUFFALO.htm --> www.knology.net /public/2010/teams BUFFALO.htm
111.07.29 15:51 B C:\html\football\2010\teams\B-Y-U.htm --> www.knology.net /public/2010/teams B-Y-U.htm
111.07.29 15:51 B C:\html\football\2010\teams\CALIFORNIA.htm --> www.knology.net /public/2010/teams CALIFORNIA.htm
111.07.29 15:51 B C:\html\football\2010\teams\CENTRAL MICH.htm --> www.knology.net /public/2010/teams CENTRAL MICH.htm
111.07.29 15:51 B C:\html\football\2010\teams\CINCINNATI.htm --> www.knology.net /public/2010/teams CINCINNATI.htm
111.07.29 15:51 B C:\html\football\2010\teams\CLEMSON.htm --> www.knology.net /public/2010/teams CLEMSON.htm
111.07.29 15:51 B C:\html\football\2010\teams\COLORADO STATE.htm --> www.knology.net /public/2010/teams COLORADO STATE.htm
111.07.29 15:51 B C:\html\football\2010\teams\COLORADO.htm --> www.knology.net /public/2010/teams COLORADO.htm
111.07.29 15:51 B C:\html\football\2010\teams\CONNECTICUT.htm --> www.knology.net /public/2010/teams CONNECTICUT.htm
111.07.29 15:51 B C:\html\football\2010\teams\DUKE.htm --> www.knology.net /public/2010/teams DUKE.htm
111.07.29 15:51 B C:\html\football\2010\teams\EAST CAROLINA.htm --> www.knology.net /public/2010/teams EAST CAROLINA.htm
111.07.29 15:51 B C:\html\football\2010\teams\EASTERN MICH.htm --> www.knology.net /public/2010/teams EASTERN MICH.htm
111.07.29 15:51 B C:\html\football\2010\teams\FIU.htm --> www.knology.net /public/2010/teams FIU.htm
111.07.29 15:51 B C:\html\football\2010\teams\FLA ATLANTIC.htm --> www.knology.net /public/2010/teams FLA ATLANTIC.htm
111.07.29 15:51 B C:\html\football\2010\teams\FLORIDA STATE.htm --> www.knology.net /public/2010/teams FLORIDA STATE.htm
111.07.29 15:51 B C:\html\football\2010\teams\FLORIDA.htm --> www.knology.net /public/2010/teams FLORIDA.htm
111.07.29 15:51 B C:\html\football\2010\teams\FRESNO STATE.htm --> www.knology.net /public/2010/teams FRESNO STATE.htm
111.07.29 15:51 B C:\html\football\2010\teams\GEORGIA TECH.htm --> www.knology.net /public/2010/teams GEORGIA TECH.htm
111.07.29 15:51 B C:\html\football\2010\teams\GEORGIA.htm --> www.knology.net /public/2010/teams GEORGIA.htm
111.07.29 15:51 B C:\html\football\2010\teams\HAWAII.htm --> www.knology.net /public/2010/teams HAWAII.htm
111.07.29 15:51 B C:\html\football\2010\teams\HOUSTON.htm --> www.knology.net /public/2010/teams HOUSTON.htm
111.07.29 15:51 B C:\html\football\2010\teams\IDAHO.htm --> www.knology.net /public/2010/teams IDAHO.htm
111.07.29 15:51 B C:\html\football\2010\teams\ILLINOIS.htm --> www.knology.net /public/2010/teams ILLINOIS.htm
111.07.29 15:51 B C:\html\football\2010\teams\INDIANA.htm --> www.knology.net /public/2010/teams INDIANA.htm
111.07.29 15:51 B C:\html\football\2010\teams\IOWA STATE.htm --> www.knology.net /public/2010/teams IOWA STATE.htm
111.07.29 15:51 B C:\html\football\2010\teams\IOWA.htm --> www.knology.net /public/2010/teams IOWA.htm
111.07.29 15:51 B C:\html\football\2010\teams\KANSAS STATE.htm --> www.knology.net /public/2010/teams KANSAS STATE.htm
111.07.29 15:51 B C:\html\football\2010\teams\KANSAS.htm --> www.knology.net /public/2010/teams KANSAS.htm
111.07.29 15:51 B C:\html\football\2010\teams\KENT STATE.htm --> www.knology.net /public/2010/teams KENT STATE.htm
111.07.29 15:51 B C:\html\football\2010\teams\KENTUCKY.htm --> www.knology.net /public/2010/teams KENTUCKY.htm
111.07.29 15:51 B C:\html\football\2010\teams\LOUISIANA TECH.htm --> www.knology.net /public/2010/teams LOUISIANA TECH.htm
111.07.29 15:51 B C:\html\football\2010\teams\LOUISIANA.htm --> www.knology.net /public/2010/teams LOUISIANA.htm
111.07.29 15:51 B C:\html\football\2010\teams\LOUISVILLE.htm --> www.knology.net /public/2010/teams LOUISVILLE.htm
111.07.29 15:51 B C:\html\football\2010\teams\L-S-U.htm --> www.knology.net /public/2010/teams L-S-U.htm
111.07.29 15:51 B C:\html\football\2010\teams\MARSHALL.htm --> www.knology.net /public/2010/teams MARSHALL.htm
111.07.29 15:51 B C:\html\football\2010\teams\MARYLAND.htm --> www.knology.net /public/2010/teams MARYLAND.htm
111.07.29 15:51 B C:\html\football\2010\teams\MEMPHIS.htm --> www.knology.net /public/2010/teams MEMPHIS.htm
111.07.29 15:51 B C:\html\football\2010\teams\MIAMI-FLORIDA.htm --> www.knology.net /public/2010/teams MIAMI-FLORIDA.htm
111.07.29 15:51 B C:\html\football\2010\teams\MIAMI-OHIO.htm --> www.knology.net /public/2010/teams MIAMI-OHIO.htm
111.07.29 15:51 B C:\html\football\2010\teams\MICHIGAN STATE.htm --> www.knology.net /public/2010/teams MICHIGAN STATE.htm
111.07.29 15:51 B C:\html\football\2010\teams\MICHIGAN.htm --> www.knology.net /public/2010/teams MICHIGAN.htm
111.07.29 15:51 B C:\html\football\2010\teams\MIDDLE TENNESSEE.htm --> www.knology.net /public/2010/teams MIDDLE TENNESSEE.htm
111.07.29 15:51 B C:\html\football\2010\teams\MINNESOTA.htm --> www.knology.net /public/2010/teams MINNESOTA.htm
111.07.29 15:51 B C:\html\football\2010\teams\MISS STATE.htm --> www.knology.net /public/2010/teams MISS STATE.htm
111.07.29 15:51 B C:\html\football\2010\teams\MISSOURI.htm --> www.knology.net /public/2010/teams MISSOURI.htm
111.07.29 15:51 B C:\html\football\2010\teams\NAVY.htm --> www.knology.net /public/2010/teams NAVY.htm
111.07.29 15:51 B C:\html\football\2010\teams\NC STATE.htm --> www.knology.net /public/2010/teams NC STATE.htm
111.07.29 15:51 B C:\html\football\2010\teams\NEBRASKA.htm --> www.knology.net /public/2010/teams NEBRASKA.htm
111.07.29 15:51 B C:\html\football\2010\teams\NEVADA.htm --> www.knology.net /public/2010/teams NEVADA.htm
111.07.29 15:51 B C:\html\football\2010\teams\NEW MEXICO ST.htm --> www.knology.net /public/2010/teams NEW MEXICO ST.htm
111.07.29 15:51 B C:\html\football\2010\teams\NEW MEXICO.htm --> www.knology.net /public/2010/teams NEW MEXICO.htm
111.07.29 15:51 B C:\html\football\2010\teams\NORTH CAROLINA.htm --> www.knology.net /public/2010/teams NORTH CAROLINA.htm
111.07.29 15:51 B C:\html\football\2010\teams\NORTH TEXAS.htm --> www.knology.net /public/2010/teams NORTH TEXAS.htm
111.07.29 15:51 B C:\html\football\2010\teams\NORTHERN ILL.htm --> www.knology.net /public/2010/teams NORTHERN ILL.htm
111.07.29 15:51 B C:\html\football\2010\teams\NORTHWESTERN.htm --> www.knology.net /public/2010/teams NORTHWESTERN.htm
111.07.29 15:51 B C:\html\football\2010\teams\NOTRE DAME.htm --> www.knology.net /public/2010/teams NOTRE DAME.htm
111.07.29 15:51 B C:\html\football\2010\teams\OHIO STATE.htm --> www.knology.net /public/2010/teams OHIO STATE.htm
111.07.29 15:51 B C:\html\football\2010\teams\OHIO U.htm --> www.knology.net /public/2010/teams OHIO U.htm
111.07.29 15:51 B C:\html\football\2010\teams\OKLAHOMA STATE.htm --> www.knology.net /public/2010/teams OKLAHOMA STATE.htm
111.07.29 15:51 B C:\html\football\2010\teams\OKLAHOMA.htm --> www.knology.net /public/2010/teams OKLAHOMA.htm
111.07.29 15:51 B C:\html\football\2010\teams\OLE MISS.htm --> www.knology.net /public/2010/teams OLE MISS.htm
111.07.29 15:51 B C:\html\football\2010\teams\OREGON STATE.htm --> www.knology.net /public/2010/teams OREGON STATE.htm
111.07.29 15:51 B C:\html\football\2010\teams\OREGON.htm --> www.knology.net /public/2010/teams OREGON.htm
111.07.29 15:51 B C:\html\football\2010\teams\PENN STATE.htm --> www.knology.net /public/2010/teams PENN STATE.htm
111.07.29 15:51 B C:\html\football\2010\teams\PITTSBURGH.htm --> www.knology.net /public/2010/teams PITTSBURGH.htm
111.07.29 15:51 B C:\html\football\2010\teams\PURDUE.htm --> www.knology.net /public/2010/teams PURDUE.htm
111.07.29 15:51 B C:\html\football\2010\teams\RICE.htm --> www.knology.net /public/2010/teams RICE.htm
111.07.29 15:51 B C:\html\football\2010\teams\RUTGERS.htm --> www.knology.net /public/2010/teams RUTGERS.htm
111.07.29 15:51 B C:\html\football\2010\teams\SAN DIEGO ST.htm --> www.knology.net /public/2010/teams SAN DIEGO ST.htm
111.07.29 15:51 B C:\html\football\2010\teams\SAN JOSE ST.htm --> www.knology.net /public/2010/teams SAN JOSE ST.htm
111.07.29 15:51 B C:\html\football\2010\teams\S-M-U.htm --> www.knology.net /public/2010/teams S-M-U.htm
111.07.29 15:51 B C:\html\football\2010\teams\SO CAROLINA.htm --> www.knology.net /public/2010/teams SO CAROLINA.htm
111.07.29 15:51 B C:\html\football\2010\teams\SO FLORIDA.htm --> www.knology.net /public/2010/teams SO FLORIDA.htm
111.07.29 15:51 B C:\html\football\2010\teams\SOUTHERN MISS.htm --> www.knology.net /public/2010/teams SOUTHERN MISS.htm
111.07.29 15:51 B C:\html\football\2010\teams\STANFORD.htm --> www.knology.net /public/2010/teams STANFORD.htm
111.07.29 15:51 B C:\html\football\2010\teams\SYRACUSE.htm --> www.knology.net /public/2010/teams SYRACUSE.htm
111.07.29 15:51 B C:\html\football\2010\teams\T-C-U.htm --> www.knology.net /public/2010/teams T-C-U.htm
111.07.29 15:51 B C:\html\football\2010\teams\TEMPLE.htm --> www.knology.net /public/2010/teams TEMPLE.htm
111.07.29 15:51 B C:\html\football\2010\teams\TENNESSEE.htm --> www.knology.net /public/2010/teams TENNESSEE.htm
111.07.29 15:51 B C:\html\football\2010\teams\TEXAS A&M.htm --> www.knology.net /public/2010/teams TEXAS A&M.htm
111.07.29 15:51 B C:\html\football\2010\teams\TEXAS TECH.htm --> www.knology.net /public/2010/teams TEXAS TECH.htm
111.07.29 15:51 B C:\html\football\2010\teams\TEXAS.htm --> www.knology.net /public/2010/teams TEXAS.htm
111.07.29 15:51 B C:\html\football\2010\teams\TEXAS-EL PASO.htm --> www.knology.net /public/2010/teams TEXAS-EL PASO.htm
111.07.29 15:51 B C:\html\football\2010\teams\TOLEDO.htm --> www.knology.net /public/2010/teams TOLEDO.htm
111.07.29 15:51 B C:\html\football\2010\teams\TROY.htm --> www.knology.net /public/2010/teams TROY.htm
111.07.29 15:51 B C:\html\football\2010\teams\TULANE.htm --> www.knology.net /public/2010/teams TULANE.htm
111.07.29 15:51 B C:\html\football\2010\teams\TULSA.htm --> www.knology.net /public/2010/teams TULSA.htm
111.07.29 15:51 B C:\html\football\2010\teams\U-A-B.htm --> www.knology.net /public/2010/teams U-A-B.htm
111.07.29 15:51 B C:\html\football\2010\teams\U-C-F.htm --> www.knology.net /public/2010/teams U-C-F.htm
111.07.29 15:51 B C:\html\football\2010\teams\U-C-L-A.htm --> www.knology.net /public/2010/teams U-C-L-A.htm
111.07.29 15:51 B C:\html\football\2010\teams\ULM.htm --> www.knology.net /public/2010/teams ULM.htm
111.07.29 15:51 B C:\html\football\2010\teams\U-N-L-V.htm --> www.knology.net /public/2010/teams U-N-L-V.htm
111.07.29 15:51 B C:\html\football\2010\teams\U-S-C.htm --> www.knology.net /public/2010/teams U-S-C.htm
111.07.29 15:51 B C:\html\football\2010\teams\UTAH STATE.htm --> www.knology.net /public/2010/teams UTAH STATE.htm
111.07.29 15:51 B C:\html\football\2010\teams\UTAH.htm --> www.knology.net /public/2010/teams UTAH.htm
111.07.29 15:51 B C:\html\football\2010\teams\VANDERBILT.htm --> www.knology.net /public/2010/teams VANDERBILT.htm
111.07.29 15:51 B C:\html\football\2010\teams\VIRGINIA TECH.htm --> www.knology.net /public/2010/teams VIRGINIA TECH.htm
111.07.29 15:51 B C:\html\football\2010\teams\VIRGINIA.htm --> www.knology.net /public/2010/teams VIRGINIA.htm
111.07.29 15:51 B C:\html\football\2010\teams\WAKE FOREST.htm --> www.knology.net /public/2010/teams WAKE FOREST.htm
111.07.29 15:51 B C:\html\football\2010\teams\WASHINGTON ST.htm --> www.knology.net /public/2010/teams WASHINGTON ST.htm
111.07.29 15:51 B C:\html\football\2010\teams\WASHINGTON.htm --> www.knology.net /public/2010/teams WASHINGTON.htm
111.07.29 15:51 B C:\html\football\2010\teams\WEST VIRGINIA.htm --> www.knology.net /public/2010/teams WEST VIRGINIA.htm
111.07.29 15:51 B C:\html\football\2010\teams\WESTERN KY.htm --> www.knology.net /public/2010/teams WESTERN KY.htm
111.07.29 15:51 B C:\html\football\2010\teams\WESTERN MICH.htm --> www.knology.net /public/2010/teams WESTERN MICH.htm
111.07.29 15:51 B C:\html\football\2010\teams\WISCONSIN.htm --> www.knology.net /public/2010/teams WISCONSIN.htm
111.07.29 15:51 B C:\html\football\2010\teams\ws_ftp.log --> www.knology.net /public/2010/teams ws_ftp.log
111.07.29 15:51 B C:\html\football\2010\teams\WYOMING.htm --> www.knology.net /public/2010/teams WYOMING.htm
