110.08.10 13:20 B C:\html\football\2009\teams\AIR FORCE.htm <-- www.knology.net /public/teams AIR FORCE.htm
110.08.10 13:20 B C:\html\football\2009\teams\AKRON.htm <-- www.knology.net /public/teams AKRON.htm
110.08.10 13:20 B C:\html\football\2009\teams\ALABAMA.htm <-- www.knology.net /public/teams ALABAMA.htm
110.08.10 13:20 B C:\html\football\2009\teams\ARIZONA STATE.htm <-- www.knology.net /public/teams ARIZONA STATE.htm
110.08.10 13:20 B C:\html\football\2009\teams\ARIZONA.htm <-- www.knology.net /public/teams ARIZONA.htm
110.08.10 13:20 B C:\html\football\2009\teams\ARKANSAS STATE.htm <-- www.knology.net /public/teams ARKANSAS STATE.htm
110.08.10 13:20 B C:\html\football\2009\teams\ARKANSAS.htm <-- www.knology.net /public/teams ARKANSAS.htm
110.08.10 13:20 B C:\html\football\2009\teams\ARMY.htm <-- www.knology.net /public/teams ARMY.htm
110.08.10 13:20 B C:\html\football\2009\teams\AUBURN.htm <-- www.knology.net /public/teams AUBURN.htm
110.08.10 13:24 B C:\html\football\2009\teams\B-Y-U.htm <-- www.knology.net /public/teams B-Y-U.htm
110.08.10 13:24 B C:\html\football\2009\teams\BALL STATE.htm <-- www.knology.net /public/teams BALL STATE.htm
110.08.10 13:24 B C:\html\football\2009\teams\BAYLOR.htm <-- www.knology.net /public/teams BAYLOR.htm
110.08.10 13:24 B C:\html\football\2009\teams\BOISE STATE.htm <-- www.knology.net /public/teams BOISE STATE.htm
110.08.10 13:24 B C:\html\football\2009\teams\BOSTON COLLEGE.htm <-- www.knology.net /public/teams BOSTON COLLEGE.htm
110.08.10 13:24 B C:\html\football\2009\teams\BOWLING GREEN.htm <-- www.knology.net /public/teams BOWLING GREEN.htm
110.08.10 13:24 B C:\html\football\2009\teams\BUFFALO.htm <-- www.knology.net /public/teams BUFFALO.htm
110.08.10 13:24 B C:\html\football\2009\teams\CALIFORNIA.htm <-- www.knology.net /public/teams CALIFORNIA.htm
110.08.10 13:24 B C:\html\football\2009\teams\CENTRAL MICH.htm <-- www.knology.net /public/teams CENTRAL MICH.htm
110.08.10 13:24 B C:\html\football\2009\teams\CINCINNATI.htm <-- www.knology.net /public/teams CINCINNATI.htm
110.08.10 13:24 B C:\html\football\2009\teams\CLEMSON.htm <-- www.knology.net /public/teams CLEMSON.htm
110.08.10 13:24 B C:\html\football\2009\teams\COLORADO STATE.htm <-- www.knology.net /public/teams COLORADO STATE.htm
110.08.10 13:24 B C:\html\football\2009\teams\COLORADO.htm <-- www.knology.net /public/teams COLORADO.htm
110.08.10 13:24 B C:\html\football\2009\teams\CONNECTICUT.htm <-- www.knology.net /public/teams CONNECTICUT.htm
110.08.10 13:24 B C:\html\football\2009\teams\DUKE.htm <-- www.knology.net /public/teams DUKE.htm
110.08.10 13:24 B C:\html\football\2009\teams\EAST CAROLINA.htm <-- www.knology.net /public/teams EAST CAROLINA.htm
110.08.10 13:24 B C:\html\football\2009\teams\EASTERN MICH.htm <-- www.knology.net /public/teams EASTERN MICH.htm
110.08.10 13:24 B C:\html\football\2009\teams\FLA ATLANTIC.htm <-- www.knology.net /public/teams FLA ATLANTIC.htm
110.08.10 13:24 B C:\html\football\2009\teams\FLORIDA INTL.htm <-- www.knology.net /public/teams FLORIDA INTL.htm
110.08.10 13:24 B C:\html\football\2009\teams\FLORIDA STATE.htm <-- www.knology.net /public/teams FLORIDA STATE.htm
110.08.10 13:24 B C:\html\football\2009\teams\FLORIDA.htm <-- www.knology.net /public/teams FLORIDA.htm
110.08.10 13:24 B C:\html\football\2009\teams\FRESNO STATE.htm <-- www.knology.net /public/teams FRESNO STATE.htm
110.08.10 13:24 B C:\html\football\2009\teams\GEORGIA TECH.htm <-- www.knology.net /public/teams GEORGIA TECH.htm
110.08.10 13:24 B C:\html\football\2009\teams\GEORGIA.htm <-- www.knology.net /public/teams GEORGIA.htm
110.08.10 13:24 B C:\html\football\2009\teams\HAWAII.htm <-- www.knology.net /public/teams HAWAII.htm
110.08.10 13:24 B C:\html\football\2009\teams\HOUSTON.htm <-- www.knology.net /public/teams HOUSTON.htm
110.08.10 13:24 B C:\html\football\2009\teams\IDAHO.htm <-- www.knology.net /public/teams IDAHO.htm
110.08.10 13:24 B C:\html\football\2009\teams\ILLINOIS.htm <-- www.knology.net /public/teams ILLINOIS.htm
110.08.10 13:24 B C:\html\football\2009\teams\INDIANA.htm <-- www.knology.net /public/teams INDIANA.htm
110.08.10 13:24 B C:\html\football\2009\teams\IOWA STATE.htm <-- www.knology.net /public/teams IOWA STATE.htm
110.08.10 13:24 B C:\html\football\2009\teams\IOWA.htm <-- www.knology.net /public/teams IOWA.htm
110.08.10 13:24 B C:\html\football\2009\teams\KANSAS STATE.htm <-- www.knology.net /public/teams KANSAS STATE.htm
110.08.10 13:24 B C:\html\football\2009\teams\KANSAS.htm <-- www.knology.net /public/teams KANSAS.htm
110.08.10 13:24 B C:\html\football\2009\teams\KENT STATE.htm <-- www.knology.net /public/teams KENT STATE.htm
110.08.10 13:24 B C:\html\football\2009\teams\KENTUCKY.htm <-- www.knology.net /public/teams KENTUCKY.htm
110.08.10 13:24 B C:\html\football\2009\teams\L-S-U.htm <-- www.knology.net /public/teams L-S-U.htm
110.08.10 13:24 B C:\html\football\2009\teams\LOUISIANA TECH.htm <-- www.knology.net /public/teams LOUISIANA TECH.htm
110.08.10 13:24 B C:\html\football\2009\teams\LOUISVILLE.htm <-- www.knology.net /public/teams LOUISVILLE.htm
110.08.10 13:24 B C:\html\football\2009\teams\MARSHALL.htm <-- www.knology.net /public/teams MARSHALL.htm
110.08.10 13:24 B C:\html\football\2009\teams\MARYLAND.htm <-- www.knology.net /public/teams MARYLAND.htm
110.08.10 13:24 B C:\html\football\2009\teams\MEMPHIS.htm <-- www.knology.net /public/teams MEMPHIS.htm
110.08.10 13:24 B C:\html\football\2009\teams\MIAMI-FLORIDA.htm <-- www.knology.net /public/teams MIAMI-FLORIDA.htm
110.08.10 13:24 B C:\html\football\2009\teams\MIAMI-OHIO.htm <-- www.knology.net /public/teams MIAMI-OHIO.htm
110.08.10 13:24 B C:\html\football\2009\teams\MICHIGAN STATE.htm <-- www.knology.net /public/teams MICHIGAN STATE.htm
110.08.10 13:24 B C:\html\football\2009\teams\MICHIGAN.htm <-- www.knology.net /public/teams MICHIGAN.htm
110.08.10 13:24 B C:\html\football\2009\teams\MIDDLE TENNESSEE.htm <-- www.knology.net /public/teams MIDDLE TENNESSEE.htm
110.08.10 13:24 B C:\html\football\2009\teams\MINNESOTA.htm <-- www.knology.net /public/teams MINNESOTA.htm
110.08.10 13:24 B C:\html\football\2009\teams\MISS STATE.htm <-- www.knology.net /public/teams MISS STATE.htm
110.08.10 13:24 B C:\html\football\2009\teams\MISSOURI.htm <-- www.knology.net /public/teams MISSOURI.htm
110.08.10 13:25 B C:\html\football\2009\teams\NAVY.htm <-- www.knology.net /public/teams NAVY.htm
110.08.10 13:25 B C:\html\football\2009\teams\NC STATE.htm <-- www.knology.net /public/teams NC STATE.htm
110.08.10 13:25 B C:\html\football\2009\teams\NEBRASKA.htm <-- www.knology.net /public/teams NEBRASKA.htm
110.08.10 13:25 B C:\html\football\2009\teams\NEVADA.htm <-- www.knology.net /public/teams NEVADA.htm
110.08.10 13:25 B C:\html\football\2009\teams\NEW MEXICO ST.htm <-- www.knology.net /public/teams NEW MEXICO ST.htm
110.08.10 13:25 B C:\html\football\2009\teams\NEW MEXICO.htm <-- www.knology.net /public/teams NEW MEXICO.htm
110.08.10 13:25 B C:\html\football\2009\teams\NORTH CAROLINA.htm <-- www.knology.net /public/teams NORTH CAROLINA.htm
110.08.10 13:25 B C:\html\football\2009\teams\NORTH TEXAS.htm <-- www.knology.net /public/teams NORTH TEXAS.htm
110.08.10 13:25 B C:\html\football\2009\teams\NORTHERN ILL.htm <-- www.knology.net /public/teams NORTHERN ILL.htm
110.08.10 13:25 B C:\html\football\2009\teams\NORTHWESTERN.htm <-- www.knology.net /public/teams NORTHWESTERN.htm
110.08.10 13:25 B C:\html\football\2009\teams\NOTRE DAME.htm <-- www.knology.net /public/teams NOTRE DAME.htm
110.08.10 13:25 B C:\html\football\2009\teams\OHIO STATE.htm <-- www.knology.net /public/teams OHIO STATE.htm
110.08.10 13:25 B C:\html\football\2009\teams\OHIO U.htm <-- www.knology.net /public/teams OHIO U.htm
110.08.10 13:25 B C:\html\football\2009\teams\OKLAHOMA STATE.htm <-- www.knology.net /public/teams OKLAHOMA STATE.htm
110.08.10 13:25 B C:\html\football\2009\teams\OKLAHOMA.htm <-- www.knology.net /public/teams OKLAHOMA.htm
110.08.10 13:25 B C:\html\football\2009\teams\OLE MISS.htm <-- www.knology.net /public/teams OLE MISS.htm
110.08.10 13:25 B C:\html\football\2009\teams\OREGON STATE.htm <-- www.knology.net /public/teams OREGON STATE.htm
110.08.10 13:25 B C:\html\football\2009\teams\OREGON.htm <-- www.knology.net /public/teams OREGON.htm
110.08.10 13:25 B C:\html\football\2009\teams\PENN STATE.htm <-- www.knology.net /public/teams PENN STATE.htm
110.08.10 13:25 B C:\html\football\2009\teams\PITTSBURGH.htm <-- www.knology.net /public/teams PITTSBURGH.htm
110.08.10 13:25 B C:\html\football\2009\teams\PURDUE.htm <-- www.knology.net /public/teams PURDUE.htm
110.08.10 13:25 B C:\html\football\2009\teams\RICE.htm <-- www.knology.net /public/teams RICE.htm
110.08.10 13:25 B C:\html\football\2009\teams\RUTGERS.htm <-- www.knology.net /public/teams RUTGERS.htm
110.08.10 13:25 B C:\html\football\2009\teams\S-M-U.htm <-- www.knology.net /public/teams S-M-U.htm
110.08.10 13:25 B C:\html\football\2009\teams\SAN DIEGO ST.htm <-- www.knology.net /public/teams SAN DIEGO ST.htm
110.08.10 13:25 B C:\html\football\2009\teams\SAN JOSE ST.htm <-- www.knology.net /public/teams SAN JOSE ST.htm
110.08.10 13:25 B C:\html\football\2009\teams\SO CAROLINA.htm <-- www.knology.net /public/teams SO CAROLINA.htm
110.08.10 13:25 B C:\html\football\2009\teams\SO FLORIDA.htm <-- www.knology.net /public/teams SO FLORIDA.htm
110.08.10 13:25 B C:\html\football\2009\teams\SOUTHERN MISS.htm <-- www.knology.net /public/teams SOUTHERN MISS.htm
110.08.10 13:25 B C:\html\football\2009\teams\STANFORD.htm <-- www.knology.net /public/teams STANFORD.htm
110.08.10 13:25 B C:\html\football\2009\teams\SYRACUSE.htm <-- www.knology.net /public/teams SYRACUSE.htm
110.08.10 13:25 B C:\html\football\2009\teams\T-C-U.htm <-- www.knology.net /public/teams T-C-U.htm
110.08.10 13:25 B C:\html\football\2009\teams\TEMPLE.htm <-- www.knology.net /public/teams TEMPLE.htm
110.08.10 13:25 B C:\html\football\2009\teams\TENNESSEE.htm <-- www.knology.net /public/teams TENNESSEE.htm
110.08.10 13:25 B C:\html\football\2009\teams\TEXAS A&M.htm <-- www.knology.net /public/teams TEXAS A&M.htm
110.08.10 13:25 B C:\html\football\2009\teams\TEXAS TECH.htm <-- www.knology.net /public/teams TEXAS TECH.htm
110.08.10 13:25 B C:\html\football\2009\teams\TEXAS-EL PASO.htm <-- www.knology.net /public/teams TEXAS-EL PASO.htm
110.08.10 13:25 B C:\html\football\2009\teams\TEXAS.htm <-- www.knology.net /public/teams TEXAS.htm
110.08.10 13:25 B C:\html\football\2009\teams\TOLEDO.htm <-- www.knology.net /public/teams TOLEDO.htm
110.08.10 13:25 B C:\html\football\2009\teams\TROY.htm <-- www.knology.net /public/teams TROY.htm
110.08.10 13:25 B C:\html\football\2009\teams\TULANE.htm <-- www.knology.net /public/teams TULANE.htm
110.08.10 13:25 B C:\html\football\2009\teams\TULSA.htm <-- www.knology.net /public/teams TULSA.htm
110.08.10 13:25 B C:\html\football\2009\teams\U-A-B.htm <-- www.knology.net /public/teams U-A-B.htm
110.08.10 13:25 B C:\html\football\2009\teams\U-C-F.htm <-- www.knology.net /public/teams U-C-F.htm
110.08.10 13:25 B C:\html\football\2009\teams\U-C-L-A.htm <-- www.knology.net /public/teams U-C-L-A.htm
110.08.10 13:25 B C:\html\football\2009\teams\U-N-L-V.htm <-- www.knology.net /public/teams U-N-L-V.htm
110.08.10 13:25 B C:\html\football\2009\teams\U-S-C.htm <-- www.knology.net /public/teams U-S-C.htm
110.08.10 13:25 B C:\html\football\2009\teams\UL LAFAYETTE.htm <-- www.knology.net /public/teams UL LAFAYETTE.htm
110.08.10 13:25 B C:\html\football\2009\teams\UL-MONROE.htm <-- www.knology.net /public/teams UL-MONROE.htm
110.08.10 13:25 B C:\html\football\2009\teams\UTAH STATE.htm <-- www.knology.net /public/teams UTAH STATE.htm
110.08.10 13:25 B C:\html\football\2009\teams\UTAH.htm <-- www.knology.net /public/teams UTAH.htm
110.08.10 13:25 B C:\html\football\2009\teams\VANDERBILT.htm <-- www.knology.net /public/teams VANDERBILT.htm
110.08.10 13:25 B C:\html\football\2009\teams\VIRGINIA TECH.htm <-- www.knology.net /public/teams VIRGINIA TECH.htm
110.08.10 13:25 B C:\html\football\2009\teams\VIRGINIA.htm <-- www.knology.net /public/teams VIRGINIA.htm
110.08.10 13:25 B C:\html\football\2009\teams\WAKE FOREST.htm <-- www.knology.net /public/teams WAKE FOREST.htm
110.08.10 13:25 B C:\html\football\2009\teams\WASHINGTON ST.htm <-- www.knology.net /public/teams WASHINGTON ST.htm
110.08.10 13:25 B C:\html\football\2009\teams\WASHINGTON.htm <-- www.knology.net /public/teams WASHINGTON.htm
110.08.10 13:25 B C:\html\football\2009\teams\WEST VIRGINIA.htm <-- www.knology.net /public/teams WEST VIRGINIA.htm
110.08.10 13:25 B C:\html\football\2009\teams\WESTERN KY.htm <-- www.knology.net /public/teams WESTERN KY.htm
110.08.10 13:25 B C:\html\football\2009\teams\WESTERN MICH.htm <-- www.knology.net /public/teams WESTERN MICH.htm
110.08.10 13:25 B C:\html\football\2009\teams\WISCONSIN.htm <-- www.knology.net /public/teams WISCONSIN.htm
110.08.10 13:25 B C:\html\football\2009\teams\WYOMING.htm <-- www.knology.net /public/teams WYOMING.htm
110.08.10 14:19 B C:\html\football\2009\teams\AIR FORCE.htm --> www.knology.net /public/2009/teams AIR FORCE.htm
110.08.10 14:19 B C:\html\football\2009\teams\AKRON.htm --> www.knology.net /public/2009/teams AKRON.htm
110.08.10 14:19 B C:\html\football\2009\teams\ALABAMA.htm --> www.knology.net /public/2009/teams ALABAMA.htm
110.08.10 14:19 B C:\html\football\2009\teams\ARIZONA STATE.htm --> www.knology.net /public/2009/teams ARIZONA STATE.htm
110.08.10 14:19 B C:\html\football\2009\teams\ARIZONA.htm --> www.knology.net /public/2009/teams ARIZONA.htm
110.08.10 14:19 B C:\html\football\2009\teams\ARKANSAS STATE.htm --> www.knology.net /public/2009/teams ARKANSAS STATE.htm
110.08.10 14:19 B C:\html\football\2009\teams\ARKANSAS.htm --> www.knology.net /public/2009/teams ARKANSAS.htm
110.08.10 14:19 B C:\html\football\2009\teams\ARMY.htm --> www.knology.net /public/2009/teams ARMY.htm
110.08.10 14:19 B C:\html\football\2009\teams\AUBURN.htm --> www.knology.net /public/2009/teams AUBURN.htm
110.08.10 14:19 B C:\html\football\2009\teams\BALL STATE.htm --> www.knology.net /public/2009/teams BALL STATE.htm
110.08.10 14:19 B C:\html\football\2009\teams\BAYLOR.htm --> www.knology.net /public/2009/teams BAYLOR.htm
110.08.10 14:19 B C:\html\football\2009\teams\BOISE STATE.htm --> www.knology.net /public/2009/teams BOISE STATE.htm
110.08.10 14:19 B C:\html\football\2009\teams\BOSTON COLLEGE.htm --> www.knology.net /public/2009/teams BOSTON COLLEGE.htm
110.08.10 14:19 B C:\html\football\2009\teams\BOWLING GREEN.htm --> www.knology.net /public/2009/teams BOWLING GREEN.htm
110.08.10 14:19 B C:\html\football\2009\teams\BUFFALO.htm --> www.knology.net /public/2009/teams BUFFALO.htm
110.08.10 14:19 B C:\html\football\2009\teams\B-Y-U.htm --> www.knology.net /public/2009/teams B-Y-U.htm
110.08.10 14:19 B C:\html\football\2009\teams\CALIFORNIA.htm --> www.knology.net /public/2009/teams CALIFORNIA.htm
110.08.10 14:19 B C:\html\football\2009\teams\CENTRAL MICH.htm --> www.knology.net /public/2009/teams CENTRAL MICH.htm
110.08.10 14:19 B C:\html\football\2009\teams\CINCINNATI.htm --> www.knology.net /public/2009/teams CINCINNATI.htm
110.08.10 14:19 B C:\html\football\2009\teams\CLEMSON.htm --> www.knology.net /public/2009/teams CLEMSON.htm
110.08.10 14:19 B C:\html\football\2009\teams\COLORADO STATE.htm --> www.knology.net /public/2009/teams COLORADO STATE.htm
110.08.10 14:19 B C:\html\football\2009\teams\COLORADO.htm --> www.knology.net /public/2009/teams COLORADO.htm
110.08.10 14:19 B C:\html\football\2009\teams\CONNECTICUT.htm --> www.knology.net /public/2009/teams CONNECTICUT.htm
110.08.10 14:19 B C:\html\football\2009\teams\DUKE.htm --> www.knology.net /public/2009/teams DUKE.htm
110.08.10 14:19 B C:\html\football\2009\teams\EAST CAROLINA.htm --> www.knology.net /public/2009/teams EAST CAROLINA.htm
110.08.10 14:19 B C:\html\football\2009\teams\EASTERN MICH.htm --> www.knology.net /public/2009/teams EASTERN MICH.htm
110.08.10 14:19 B C:\html\football\2009\teams\FLA ATLANTIC.htm --> www.knology.net /public/2009/teams FLA ATLANTIC.htm
110.08.10 14:19 B C:\html\football\2009\teams\FLORIDA INTL.htm --> www.knology.net /public/2009/teams FLORIDA INTL.htm
110.08.10 14:19 B C:\html\football\2009\teams\FLORIDA STATE.htm --> www.knology.net /public/2009/teams FLORIDA STATE.htm
110.08.10 14:19 B C:\html\football\2009\teams\FLORIDA.htm --> www.knology.net /public/2009/teams FLORIDA.htm
110.08.10 14:19 B C:\html\football\2009\teams\FRESNO STATE.htm --> www.knology.net /public/2009/teams FRESNO STATE.htm
110.08.10 14:19 B C:\html\football\2009\teams\GEORGIA TECH.htm --> www.knology.net /public/2009/teams GEORGIA TECH.htm
110.08.10 14:19 B C:\html\football\2009\teams\GEORGIA.htm --> www.knology.net /public/2009/teams GEORGIA.htm
110.08.10 14:19 B C:\html\football\2009\teams\HAWAII.htm --> www.knology.net /public/2009/teams HAWAII.htm
110.08.10 14:19 B C:\html\football\2009\teams\HOUSTON.htm --> www.knology.net /public/2009/teams HOUSTON.htm
110.08.10 14:19 B C:\html\football\2009\teams\IDAHO.htm --> www.knology.net /public/2009/teams IDAHO.htm
110.08.10 14:19 B C:\html\football\2009\teams\ILLINOIS.htm --> www.knology.net /public/2009/teams ILLINOIS.htm
110.08.10 14:19 B C:\html\football\2009\teams\INDIANA.htm --> www.knology.net /public/2009/teams INDIANA.htm
110.08.10 14:19 B C:\html\football\2009\teams\IOWA STATE.htm --> www.knology.net /public/2009/teams IOWA STATE.htm
110.08.10 14:19 B C:\html\football\2009\teams\IOWA.htm --> www.knology.net /public/2009/teams IOWA.htm
110.08.10 14:19 B C:\html\football\2009\teams\KANSAS STATE.htm --> www.knology.net /public/2009/teams KANSAS STATE.htm
110.08.10 14:19 B C:\html\football\2009\teams\KANSAS.htm --> www.knology.net /public/2009/teams KANSAS.htm
110.08.10 14:19 B C:\html\football\2009\teams\KENT STATE.htm --> www.knology.net /public/2009/teams KENT STATE.htm
110.08.10 14:19 B C:\html\football\2009\teams\KENTUCKY.htm --> www.knology.net /public/2009/teams KENTUCKY.htm
110.08.10 14:19 B C:\html\football\2009\teams\LOUISIANA TECH.htm --> www.knology.net /public/2009/teams LOUISIANA TECH.htm
110.08.10 14:19 B C:\html\football\2009\teams\LOUISVILLE.htm --> www.knology.net /public/2009/teams LOUISVILLE.htm
110.08.10 14:19 B C:\html\football\2009\teams\L-S-U.htm --> www.knology.net /public/2009/teams L-S-U.htm
110.08.10 14:19 B C:\html\football\2009\teams\MARSHALL.htm --> www.knology.net /public/2009/teams MARSHALL.htm
110.08.10 14:19 B C:\html\football\2009\teams\MARYLAND.htm --> www.knology.net /public/2009/teams MARYLAND.htm
110.08.10 14:19 B C:\html\football\2009\teams\MEMPHIS.htm --> www.knology.net /public/2009/teams MEMPHIS.htm
110.08.10 14:19 B C:\html\football\2009\teams\MIAMI-FLORIDA.htm --> www.knology.net /public/2009/teams MIAMI-FLORIDA.htm
110.08.10 14:19 B C:\html\football\2009\teams\MIAMI-OHIO.htm --> www.knology.net /public/2009/teams MIAMI-OHIO.htm
110.08.10 14:19 B C:\html\football\2009\teams\MICHIGAN STATE.htm --> www.knology.net /public/2009/teams MICHIGAN STATE.htm
110.08.10 14:19 B C:\html\football\2009\teams\MICHIGAN.htm --> www.knology.net /public/2009/teams MICHIGAN.htm
110.08.10 14:19 B C:\html\football\2009\teams\MIDDLE TENNESSEE.htm --> www.knology.net /public/2009/teams MIDDLE TENNESSEE.htm
110.08.10 14:19 B C:\html\football\2009\teams\MINNESOTA.htm --> www.knology.net /public/2009/teams MINNESOTA.htm
110.08.10 14:19 B C:\html\football\2009\teams\MISS STATE.htm --> www.knology.net /public/2009/teams MISS STATE.htm
110.08.10 14:19 B C:\html\football\2009\teams\MISSOURI.htm --> www.knology.net /public/2009/teams MISSOURI.htm
110.08.10 14:19 B C:\html\football\2009\teams\NAVY.htm --> www.knology.net /public/2009/teams NAVY.htm
110.08.10 14:19 B C:\html\football\2009\teams\NC STATE.htm --> www.knology.net /public/2009/teams NC STATE.htm
110.08.10 14:19 B C:\html\football\2009\teams\NEBRASKA.htm --> www.knology.net /public/2009/teams NEBRASKA.htm
110.08.10 14:19 B C:\html\football\2009\teams\NEVADA.htm --> www.knology.net /public/2009/teams NEVADA.htm
110.08.10 14:19 B C:\html\football\2009\teams\NEW MEXICO ST.htm --> www.knology.net /public/2009/teams NEW MEXICO ST.htm
110.08.10 14:19 B C:\html\football\2009\teams\NEW MEXICO.htm --> www.knology.net /public/2009/teams NEW MEXICO.htm
110.08.10 14:19 B C:\html\football\2009\teams\NORTH CAROLINA.htm --> www.knology.net /public/2009/teams NORTH CAROLINA.htm
110.08.10 14:19 B C:\html\football\2009\teams\NORTH TEXAS.htm --> www.knology.net /public/2009/teams NORTH TEXAS.htm
110.08.10 14:19 B C:\html\football\2009\teams\NORTHERN ILL.htm --> www.knology.net /public/2009/teams NORTHERN ILL.htm
110.08.10 14:19 B C:\html\football\2009\teams\NORTHWESTERN.htm --> www.knology.net /public/2009/teams NORTHWESTERN.htm
110.08.10 14:19 B C:\html\football\2009\teams\NOTRE DAME.htm --> www.knology.net /public/2009/teams NOTRE DAME.htm
110.08.10 14:19 B C:\html\football\2009\teams\OHIO STATE.htm --> www.knology.net /public/2009/teams OHIO STATE.htm
110.08.10 14:19 B C:\html\football\2009\teams\OHIO U.htm --> www.knology.net /public/2009/teams OHIO U.htm
110.08.10 14:19 B C:\html\football\2009\teams\OKLAHOMA STATE.htm --> www.knology.net /public/2009/teams OKLAHOMA STATE.htm
110.08.10 14:19 B C:\html\football\2009\teams\OKLAHOMA.htm --> www.knology.net /public/2009/teams OKLAHOMA.htm
110.08.10 14:19 B C:\html\football\2009\teams\OLE MISS.htm --> www.knology.net /public/2009/teams OLE MISS.htm
110.08.10 14:19 B C:\html\football\2009\teams\OREGON STATE.htm --> www.knology.net /public/2009/teams OREGON STATE.htm
110.08.10 14:19 B C:\html\football\2009\teams\OREGON.htm --> www.knology.net /public/2009/teams OREGON.htm
110.08.10 14:19 B C:\html\football\2009\teams\PENN STATE.htm --> www.knology.net /public/2009/teams PENN STATE.htm
110.08.10 14:19 B C:\html\football\2009\teams\PITTSBURGH.htm --> www.knology.net /public/2009/teams PITTSBURGH.htm
110.08.10 14:19 B C:\html\football\2009\teams\PURDUE.htm --> www.knology.net /public/2009/teams PURDUE.htm
110.08.10 14:19 B C:\html\football\2009\teams\RICE.htm --> www.knology.net /public/2009/teams RICE.htm
110.08.10 14:19 B C:\html\football\2009\teams\RUTGERS.htm --> www.knology.net /public/2009/teams RUTGERS.htm
110.08.10 14:19 B C:\html\football\2009\teams\SAN DIEGO ST.htm --> www.knology.net /public/2009/teams SAN DIEGO ST.htm
110.08.10 14:19 B C:\html\football\2009\teams\SAN JOSE ST.htm --> www.knology.net /public/2009/teams SAN JOSE ST.htm
110.08.10 14:19 B C:\html\football\2009\teams\S-M-U.htm --> www.knology.net /public/2009/teams S-M-U.htm
110.08.10 14:19 B C:\html\football\2009\teams\SO CAROLINA.htm --> www.knology.net /public/2009/teams SO CAROLINA.htm
110.08.10 14:19 B C:\html\football\2009\teams\SO FLORIDA.htm --> www.knology.net /public/2009/teams SO FLORIDA.htm
110.08.10 14:19 B C:\html\football\2009\teams\SOUTHERN MISS.htm --> www.knology.net /public/2009/teams SOUTHERN MISS.htm
110.08.10 14:19 B C:\html\football\2009\teams\STANFORD.htm --> www.knology.net /public/2009/teams STANFORD.htm
110.08.10 14:19 B C:\html\football\2009\teams\SYRACUSE.htm --> www.knology.net /public/2009/teams SYRACUSE.htm
110.08.10 14:19 B C:\html\football\2009\teams\T-C-U.htm --> www.knology.net /public/2009/teams T-C-U.htm
110.08.10 14:19 B C:\html\football\2009\teams\TEMPLE.htm --> www.knology.net /public/2009/teams TEMPLE.htm
110.08.10 14:19 B C:\html\football\2009\teams\TENNESSEE.htm --> www.knology.net /public/2009/teams TENNESSEE.htm
110.08.10 14:19 B C:\html\football\2009\teams\TEXAS A&M.htm --> www.knology.net /public/2009/teams TEXAS A&M.htm
110.08.10 14:19 B C:\html\football\2009\teams\TEXAS TECH.htm --> www.knology.net /public/2009/teams TEXAS TECH.htm
110.08.10 14:19 B C:\html\football\2009\teams\TEXAS.htm --> www.knology.net /public/2009/teams TEXAS.htm
110.08.10 14:19 B C:\html\football\2009\teams\TEXAS-EL PASO.htm --> www.knology.net /public/2009/teams TEXAS-EL PASO.htm
110.08.10 14:19 B C:\html\football\2009\teams\TOLEDO.htm --> www.knology.net /public/2009/teams TOLEDO.htm
110.08.10 14:19 B C:\html\football\2009\teams\TROY.htm --> www.knology.net /public/2009/teams TROY.htm
110.08.10 14:19 B C:\html\football\2009\teams\TULANE.htm --> www.knology.net /public/2009/teams TULANE.htm
110.08.10 14:19 B C:\html\football\2009\teams\TULSA.htm --> www.knology.net /public/2009/teams TULSA.htm
110.08.10 14:19 B C:\html\football\2009\teams\U-A-B.htm --> www.knology.net /public/2009/teams U-A-B.htm
110.08.10 14:19 B C:\html\football\2009\teams\U-C-F.htm --> www.knology.net /public/2009/teams U-C-F.htm
110.08.10 14:19 B C:\html\football\2009\teams\U-C-L-A.htm --> www.knology.net /public/2009/teams U-C-L-A.htm
110.08.10 14:19 B C:\html\football\2009\teams\UL LAFAYETTE.htm --> www.knology.net /public/2009/teams UL LAFAYETTE.htm
110.08.10 14:19 B C:\html\football\2009\teams\UL-MONROE.htm --> www.knology.net /public/2009/teams UL-MONROE.htm
110.08.10 14:19 B C:\html\football\2009\teams\U-N-L-V.htm --> www.knology.net /public/2009/teams U-N-L-V.htm
110.08.10 14:19 B C:\html\football\2009\teams\U-S-C.htm --> www.knology.net /public/2009/teams U-S-C.htm
110.08.10 14:19 B C:\html\football\2009\teams\UTAH STATE.htm --> www.knology.net /public/2009/teams UTAH STATE.htm
110.08.10 14:19 B C:\html\football\2009\teams\UTAH.htm --> www.knology.net /public/2009/teams UTAH.htm
110.08.10 14:19 B C:\html\football\2009\teams\VANDERBILT.htm --> www.knology.net /public/2009/teams VANDERBILT.htm
110.08.10 14:19 B C:\html\football\2009\teams\VIRGINIA TECH.htm --> www.knology.net /public/2009/teams VIRGINIA TECH.htm
110.08.10 14:19 B C:\html\football\2009\teams\VIRGINIA.htm --> www.knology.net /public/2009/teams VIRGINIA.htm
110.08.10 14:19 B C:\html\football\2009\teams\WAKE FOREST.htm --> www.knology.net /public/2009/teams WAKE FOREST.htm
110.08.10 14:19 B C:\html\football\2009\teams\WASHINGTON ST.htm --> www.knology.net /public/2009/teams WASHINGTON ST.htm
110.08.10 14:19 B C:\html\football\2009\teams\WASHINGTON.htm --> www.knology.net /public/2009/teams WASHINGTON.htm
110.08.10 14:19 B C:\html\football\2009\teams\WEST VIRGINIA.htm --> www.knology.net /public/2009/teams WEST VIRGINIA.htm
110.08.10 14:19 B C:\html\football\2009\teams\WESTERN KY.htm --> www.knology.net /public/2009/teams WESTERN KY.htm
110.08.10 14:19 B C:\html\football\2009\teams\WESTERN MICH.htm --> www.knology.net /public/2009/teams WESTERN MICH.htm
110.08.10 14:19 B C:\html\football\2009\teams\WISCONSIN.htm --> www.knology.net /public/2009/teams WISCONSIN.htm
110.08.10 14:19 B C:\html\football\2009\teams\ws_ftp.log --> www.knology.net /public/2009/teams ws_ftp.log
110.08.10 14:19 B C:\html\football\2009\teams\WYOMING.htm --> www.knology.net /public/2009/teams WYOMING.htm
110.08.10 14:29 B C:\html\football\2009\teams\AIR FORCE.htm --> www.knology.net /public/2009/teams AIR FORCE.htm
110.08.10 14:29 B C:\html\football\2009\teams\AKRON.htm --> www.knology.net /public/2009/teams AKRON.htm
110.08.10 14:29 B C:\html\football\2009\teams\ALABAMA.htm --> www.knology.net /public/2009/teams ALABAMA.htm
110.08.10 14:29 B C:\html\football\2009\teams\ARIZONA STATE.htm --> www.knology.net /public/2009/teams ARIZONA STATE.htm
110.08.10 14:29 B C:\html\football\2009\teams\ARIZONA.htm --> www.knology.net /public/2009/teams ARIZONA.htm
110.08.10 14:29 B C:\html\football\2009\teams\ARKANSAS STATE.htm --> www.knology.net /public/2009/teams ARKANSAS STATE.htm
110.08.10 14:29 B C:\html\football\2009\teams\ARKANSAS.htm --> www.knology.net /public/2009/teams ARKANSAS.htm
110.08.10 14:29 B C:\html\football\2009\teams\ARMY.htm --> www.knology.net /public/2009/teams ARMY.htm
110.08.10 14:29 B C:\html\football\2009\teams\AUBURN.htm --> www.knology.net /public/2009/teams AUBURN.htm
110.08.10 14:29 B C:\html\football\2009\teams\BALL STATE.htm --> www.knology.net /public/2009/teams BALL STATE.htm
110.08.10 14:29 B C:\html\football\2009\teams\BAYLOR.htm --> www.knology.net /public/2009/teams BAYLOR.htm
110.08.10 14:29 B C:\html\football\2009\teams\BOISE STATE.htm --> www.knology.net /public/2009/teams BOISE STATE.htm
110.08.10 14:29 B C:\html\football\2009\teams\BOSTON COLLEGE.htm --> www.knology.net /public/2009/teams BOSTON COLLEGE.htm
110.08.10 14:29 B C:\html\football\2009\teams\BOWLING GREEN.htm --> www.knology.net /public/2009/teams BOWLING GREEN.htm
110.08.10 14:29 B C:\html\football\2009\teams\BUFFALO.htm --> www.knology.net /public/2009/teams BUFFALO.htm
110.08.10 14:29 B C:\html\football\2009\teams\B-Y-U.htm --> www.knology.net /public/2009/teams B-Y-U.htm
110.08.10 14:29 B C:\html\football\2009\teams\CALIFORNIA.htm --> www.knology.net /public/2009/teams CALIFORNIA.htm
110.08.10 14:29 B C:\html\football\2009\teams\CENTRAL MICH.htm --> www.knology.net /public/2009/teams CENTRAL MICH.htm
110.08.10 14:29 B C:\html\football\2009\teams\CINCINNATI.htm --> www.knology.net /public/2009/teams CINCINNATI.htm
110.08.10 14:29 B C:\html\football\2009\teams\CLEMSON.htm --> www.knology.net /public/2009/teams CLEMSON.htm
110.08.10 14:29 B C:\html\football\2009\teams\COLORADO STATE.htm --> www.knology.net /public/2009/teams COLORADO STATE.htm
110.08.10 14:29 B C:\html\football\2009\teams\COLORADO.htm --> www.knology.net /public/2009/teams COLORADO.htm
110.08.10 14:29 B C:\html\football\2009\teams\CONNECTICUT.htm --> www.knology.net /public/2009/teams CONNECTICUT.htm
110.08.10 14:29 B C:\html\football\2009\teams\DUKE.htm --> www.knology.net /public/2009/teams DUKE.htm
110.08.10 14:29 B C:\html\football\2009\teams\EAST CAROLINA.htm --> www.knology.net /public/2009/teams EAST CAROLINA.htm
110.08.10 14:29 B C:\html\football\2009\teams\EASTERN MICH.htm --> www.knology.net /public/2009/teams EASTERN MICH.htm
110.08.10 14:29 B C:\html\football\2009\teams\FLA ATLANTIC.htm --> www.knology.net /public/2009/teams FLA ATLANTIC.htm
110.08.10 14:29 B C:\html\football\2009\teams\FLORIDA INTL.htm --> www.knology.net /public/2009/teams FLORIDA INTL.htm
110.08.10 14:29 B C:\html\football\2009\teams\FLORIDA STATE.htm --> www.knology.net /public/2009/teams FLORIDA STATE.htm
110.08.10 14:29 B C:\html\football\2009\teams\FLORIDA.htm --> www.knology.net /public/2009/teams FLORIDA.htm
110.08.10 14:29 B C:\html\football\2009\teams\FRESNO STATE.htm --> www.knology.net /public/2009/teams FRESNO STATE.htm
110.08.10 14:29 B C:\html\football\2009\teams\GEORGIA TECH.htm --> www.knology.net /public/2009/teams GEORGIA TECH.htm
110.08.10 14:29 B C:\html\football\2009\teams\GEORGIA.htm --> www.knology.net /public/2009/teams GEORGIA.htm
110.08.10 14:29 B C:\html\football\2009\teams\HAWAII.htm --> www.knology.net /public/2009/teams HAWAII.htm
110.08.10 14:29 B C:\html\football\2009\teams\HOUSTON.htm --> www.knology.net /public/2009/teams HOUSTON.htm
110.08.10 14:29 B C:\html\football\2009\teams\IDAHO.htm --> www.knology.net /public/2009/teams IDAHO.htm
110.08.10 14:29 B C:\html\football\2009\teams\ILLINOIS.htm --> www.knology.net /public/2009/teams ILLINOIS.htm
110.08.10 14:29 B C:\html\football\2009\teams\INDIANA.htm --> www.knology.net /public/2009/teams INDIANA.htm
110.08.10 14:29 B C:\html\football\2009\teams\IOWA STATE.htm --> www.knology.net /public/2009/teams IOWA STATE.htm
110.08.10 14:29 B C:\html\football\2009\teams\IOWA.htm --> www.knology.net /public/2009/teams IOWA.htm
110.08.10 14:29 B C:\html\football\2009\teams\KANSAS STATE.htm --> www.knology.net /public/2009/teams KANSAS STATE.htm
110.08.10 14:29 B C:\html\football\2009\teams\KANSAS.htm --> www.knology.net /public/2009/teams KANSAS.htm
110.08.10 14:29 B C:\html\football\2009\teams\KENT STATE.htm --> www.knology.net /public/2009/teams KENT STATE.htm
110.08.10 14:29 B C:\html\football\2009\teams\KENTUCKY.htm --> www.knology.net /public/2009/teams KENTUCKY.htm
110.08.10 14:29 B C:\html\football\2009\teams\LOUISIANA TECH.htm --> www.knology.net /public/2009/teams LOUISIANA TECH.htm
110.08.10 14:29 B C:\html\football\2009\teams\LOUISVILLE.htm --> www.knology.net /public/2009/teams LOUISVILLE.htm
110.08.10 14:29 B C:\html\football\2009\teams\L-S-U.htm --> www.knology.net /public/2009/teams L-S-U.htm
110.08.10 14:29 B C:\html\football\2009\teams\MARSHALL.htm --> www.knology.net /public/2009/teams MARSHALL.htm
110.08.10 14:29 B C:\html\football\2009\teams\MARYLAND.htm --> www.knology.net /public/2009/teams MARYLAND.htm
110.08.10 14:29 B C:\html\football\2009\teams\MEMPHIS.htm --> www.knology.net /public/2009/teams MEMPHIS.htm
110.08.10 14:29 B C:\html\football\2009\teams\MIAMI-FLORIDA.htm --> www.knology.net /public/2009/teams MIAMI-FLORIDA.htm
110.08.10 14:29 B C:\html\football\2009\teams\MIAMI-OHIO.htm --> www.knology.net /public/2009/teams MIAMI-OHIO.htm
110.08.10 14:29 B C:\html\football\2009\teams\MICHIGAN STATE.htm --> www.knology.net /public/2009/teams MICHIGAN STATE.htm
110.08.10 14:29 B C:\html\football\2009\teams\MICHIGAN.htm --> www.knology.net /public/2009/teams MICHIGAN.htm
110.08.10 14:29 B C:\html\football\2009\teams\MIDDLE TENNESSEE.htm --> www.knology.net /public/2009/teams MIDDLE TENNESSEE.htm
110.08.10 14:29 B C:\html\football\2009\teams\MINNESOTA.htm --> www.knology.net /public/2009/teams MINNESOTA.htm
110.08.10 14:29 B C:\html\football\2009\teams\MISS STATE.htm --> www.knology.net /public/2009/teams MISS STATE.htm
110.08.10 14:29 B C:\html\football\2009\teams\MISSOURI.htm --> www.knology.net /public/2009/teams MISSOURI.htm
110.08.10 14:29 B C:\html\football\2009\teams\NAVY.htm --> www.knology.net /public/2009/teams NAVY.htm
110.08.10 14:29 B C:\html\football\2009\teams\NC STATE.htm --> www.knology.net /public/2009/teams NC STATE.htm
110.08.10 14:29 B C:\html\football\2009\teams\NEBRASKA.htm --> www.knology.net /public/2009/teams NEBRASKA.htm
110.08.10 14:29 B C:\html\football\2009\teams\NEVADA.htm --> www.knology.net /public/2009/teams NEVADA.htm
110.08.10 14:29 B C:\html\football\2009\teams\NEW MEXICO ST.htm --> www.knology.net /public/2009/teams NEW MEXICO ST.htm
110.08.10 14:29 B C:\html\football\2009\teams\NEW MEXICO.htm --> www.knology.net /public/2009/teams NEW MEXICO.htm
110.08.10 14:29 B C:\html\football\2009\teams\NORTH CAROLINA.htm --> www.knology.net /public/2009/teams NORTH CAROLINA.htm
110.08.10 14:29 B C:\html\football\2009\teams\NORTH TEXAS.htm --> www.knology.net /public/2009/teams NORTH TEXAS.htm
110.08.10 14:29 B C:\html\football\2009\teams\NORTHERN ILL.htm --> www.knology.net /public/2009/teams NORTHERN ILL.htm
110.08.10 14:29 B C:\html\football\2009\teams\NORTHWESTERN.htm --> www.knology.net /public/2009/teams NORTHWESTERN.htm
110.08.10 14:29 B C:\html\football\2009\teams\NOTRE DAME.htm --> www.knology.net /public/2009/teams NOTRE DAME.htm
110.08.10 14:29 B C:\html\football\2009\teams\OHIO STATE.htm --> www.knology.net /public/2009/teams OHIO STATE.htm
110.08.10 14:29 B C:\html\football\2009\teams\OHIO U.htm --> www.knology.net /public/2009/teams OHIO U.htm
110.08.10 14:29 B C:\html\football\2009\teams\OKLAHOMA STATE.htm --> www.knology.net /public/2009/teams OKLAHOMA STATE.htm
110.08.10 14:29 B C:\html\football\2009\teams\OKLAHOMA.htm --> www.knology.net /public/2009/teams OKLAHOMA.htm
110.08.10 14:29 B C:\html\football\2009\teams\OLE MISS.htm --> www.knology.net /public/2009/teams OLE MISS.htm
110.08.10 14:29 B C:\html\football\2009\teams\OREGON STATE.htm --> www.knology.net /public/2009/teams OREGON STATE.htm
110.08.10 14:29 B C:\html\football\2009\teams\OREGON.htm --> www.knology.net /public/2009/teams OREGON.htm
110.08.10 14:29 B C:\html\football\2009\teams\PENN STATE.htm --> www.knology.net /public/2009/teams PENN STATE.htm
110.08.10 14:29 B C:\html\football\2009\teams\PITTSBURGH.htm --> www.knology.net /public/2009/teams PITTSBURGH.htm
110.08.10 14:29 B C:\html\football\2009\teams\PURDUE.htm --> www.knology.net /public/2009/teams PURDUE.htm
110.08.10 14:29 B C:\html\football\2009\teams\RICE.htm --> www.knology.net /public/2009/teams RICE.htm
110.08.10 14:29 B C:\html\football\2009\teams\RUTGERS.htm --> www.knology.net /public/2009/teams RUTGERS.htm
110.08.10 14:29 B C:\html\football\2009\teams\SAN DIEGO ST.htm --> www.knology.net /public/2009/teams SAN DIEGO ST.htm
110.08.10 14:29 B C:\html\football\2009\teams\SAN JOSE ST.htm --> www.knology.net /public/2009/teams SAN JOSE ST.htm
110.08.10 14:29 B C:\html\football\2009\teams\S-M-U.htm --> www.knology.net /public/2009/teams S-M-U.htm
110.08.10 14:29 B C:\html\football\2009\teams\SO CAROLINA.htm --> www.knology.net /public/2009/teams SO CAROLINA.htm
110.08.10 14:29 B C:\html\football\2009\teams\SO FLORIDA.htm --> www.knology.net /public/2009/teams SO FLORIDA.htm
110.08.10 14:29 B C:\html\football\2009\teams\SOUTHERN MISS.htm --> www.knology.net /public/2009/teams SOUTHERN MISS.htm
110.08.10 14:29 B C:\html\football\2009\teams\STANFORD.htm --> www.knology.net /public/2009/teams STANFORD.htm
110.08.10 14:29 B C:\html\football\2009\teams\SYRACUSE.htm --> www.knology.net /public/2009/teams SYRACUSE.htm
110.08.10 14:29 B C:\html\football\2009\teams\T-C-U.htm --> www.knology.net /public/2009/teams T-C-U.htm
110.08.10 14:29 B C:\html\football\2009\teams\TEMPLE.htm --> www.knology.net /public/2009/teams TEMPLE.htm
110.08.10 14:29 B C:\html\football\2009\teams\TENNESSEE.htm --> www.knology.net /public/2009/teams TENNESSEE.htm
110.08.10 14:29 B C:\html\football\2009\teams\TEXAS A&M.htm --> www.knology.net /public/2009/teams TEXAS A&M.htm
110.08.10 14:29 B C:\html\football\2009\teams\TEXAS TECH.htm --> www.knology.net /public/2009/teams TEXAS TECH.htm
110.08.10 14:29 B C:\html\football\2009\teams\TEXAS.htm --> www.knology.net /public/2009/teams TEXAS.htm
110.08.10 14:29 B C:\html\football\2009\teams\TEXAS-EL PASO.htm --> www.knology.net /public/2009/teams TEXAS-EL PASO.htm
110.08.10 14:29 B C:\html\football\2009\teams\TOLEDO.htm --> www.knology.net /public/2009/teams TOLEDO.htm
110.08.10 14:29 B C:\html\football\2009\teams\TROY.htm --> www.knology.net /public/2009/teams TROY.htm
110.08.10 14:29 B C:\html\football\2009\teams\TULANE.htm --> www.knology.net /public/2009/teams TULANE.htm
110.08.10 14:29 B C:\html\football\2009\teams\TULSA.htm --> www.knology.net /public/2009/teams TULSA.htm
110.08.10 14:29 B C:\html\football\2009\teams\U-A-B.htm --> www.knology.net /public/2009/teams U-A-B.htm
110.08.10 14:29 B C:\html\football\2009\teams\U-C-F.htm --> www.knology.net /public/2009/teams U-C-F.htm
110.08.10 14:29 B C:\html\football\2009\teams\U-C-L-A.htm --> www.knology.net /public/2009/teams U-C-L-A.htm
110.08.10 14:29 B C:\html\football\2009\teams\UL LAFAYETTE.htm --> www.knology.net /public/2009/teams UL LAFAYETTE.htm
110.08.10 14:29 B C:\html\football\2009\teams\UL-MONROE.htm --> www.knology.net /public/2009/teams UL-MONROE.htm
110.08.10 14:29 B C:\html\football\2009\teams\U-N-L-V.htm --> www.knology.net /public/2009/teams U-N-L-V.htm
110.08.10 14:29 B C:\html\football\2009\teams\U-S-C.htm --> www.knology.net /public/2009/teams U-S-C.htm
110.08.10 14:29 B C:\html\football\2009\teams\UTAH STATE.htm --> www.knology.net /public/2009/teams UTAH STATE.htm
110.08.10 14:29 B C:\html\football\2009\teams\UTAH.htm --> www.knology.net /public/2009/teams UTAH.htm
110.08.10 14:29 B C:\html\football\2009\teams\VANDERBILT.htm --> www.knology.net /public/2009/teams VANDERBILT.htm
110.08.10 14:29 B C:\html\football\2009\teams\VIRGINIA TECH.htm --> www.knology.net /public/2009/teams VIRGINIA TECH.htm
110.08.10 14:29 B C:\html\football\2009\teams\VIRGINIA.htm --> www.knology.net /public/2009/teams VIRGINIA.htm
110.08.10 14:29 B C:\html\football\2009\teams\WAKE FOREST.htm --> www.knology.net /public/2009/teams WAKE FOREST.htm
110.08.10 14:29 B C:\html\football\2009\teams\WASHINGTON ST.htm --> www.knology.net /public/2009/teams WASHINGTON ST.htm
110.08.10 14:29 B C:\html\football\2009\teams\WASHINGTON.htm --> www.knology.net /public/2009/teams WASHINGTON.htm
110.08.10 14:29 B C:\html\football\2009\teams\WEST VIRGINIA.htm --> www.knology.net /public/2009/teams WEST VIRGINIA.htm
110.08.10 14:29 B C:\html\football\2009\teams\WESTERN KY.htm --> www.knology.net /public/2009/teams WESTERN KY.htm
110.08.10 14:29 B C:\html\football\2009\teams\WESTERN MICH.htm --> www.knology.net /public/2009/teams WESTERN MICH.htm
110.08.10 14:29 B C:\html\football\2009\teams\WISCONSIN.htm --> www.knology.net /public/2009/teams WISCONSIN.htm
110.08.10 14:29 B C:\html\football\2009\teams\ws_ftp.log --> www.knology.net /public/2009/teams ws_ftp.log
110.08.10 14:29 B C:\html\football\2009\teams\WYOMING.htm --> www.knology.net /public/2009/teams WYOMING.htm
