98.08.28 12:10 B c:\html\football\1998\explain.htm --> members.aol.com /brucepayne/football/1998 explain.htm
98.08.28 12:10 B c:\html\football\1998\fbback.jpg --> members.aol.com /brucepayne/football/1998 fbback.jpg
98.08.28 12:10 B c:\html\football\1998\overall.htm --> members.aol.com /brucepayne/football/1998 overall.htm
98.08.28 12:10 B c:\html\football\1998\Week1p.htm --> members.aol.com /brucepayne/football/1998 Week1p.htm
98.08.28 12:12 B c:\html\football\1998\week1p.htm --> members.aol.com /brucepayne/football/1998 week1p.htm
98.08.28 12:16 B c:\html\football\1998\week1p.htm --> members.aol.com /brucepayne/football/1998 week1p.htm
98.08.28 12:19 B c:\html\football\1998\explain.htm --> members.aol.com /brucepayne/football/1998 explain.htm
98.08.28 12:21 B c:\html\football\1998\explain.htm --> members.aol.com /brucepayne/football/1998 explain.htm
98.09.03 08:52 B c:\html\football\1998\overall.htm --> members.aol.com /brucepayne/football/1998 overall.htm
98.09.03 08:52 B c:\html\football\1998\week1r.htm --> members.aol.com /brucepayne/football/1998 week1r.htm
98.09.03 08:52 B c:\html\football\1998\week2p.htm --> members.aol.com /brucepayne/football/1998 week2p.htm
98.09.09 09:46 B c:\html\football\1998\overall.htm --> members.aol.com /brucepayne/football/1998 overall.htm
98.09.09 09:46 B c:\html\football\1998\week2r.htm --> members.aol.com /brucepayne/football/1998 week2r.htm
98.09.09 09:46 B c:\html\football\1998\week3p.htm --> members.aol.com /brucepayne/football/1998 week3p.htm
98.09.16 13:36 B c:\html\football\1998\overall.htm --> members.aol.com /brucepayne/football/1998 overall.htm
98.09.16 13:36 B c:\html\football\1998\week3r.htm --> members.aol.com /brucepayne/football/1998 week3r.htm
98.09.16 13:36 B c:\html\football\1998\week4p.htm --> members.aol.com /brucepayne/football/1998 week4p.htm
98.09.24 07:58 B c:\html\football\1998\overall.htm --> members.aol.com /brucepayne/football/1998 overall.htm
98.09.24 07:58 B c:\html\football\1998\week4r.htm --> members.aol.com /brucepayne/football/1998 week4r.htm
98.09.24 07:58 B c:\html\football\1998\Week5p.htm --> members.aol.com /brucepayne/football/1998 Week5p.htm
98.09.24 10:03 B c:\html\football\1998\week5p.htm --> members.aol.com /brucepayne/football/1998 week5p.htm
98.09.27 14:22 B c:\html\football\1998\overall.htm --> members.aol.com /brucepayne/football/1998 overall.htm
98.09.27 14:22 B c:\html\football\1998\week5r.htm --> members.aol.com /brucepayne/football/1998 week5r.htm
98.09.27 14:22 B c:\html\football\1998\week6p.htm --> members.aol.com /brucepayne/football/1998 week6p.htm
98.09.28 11:28 B c:\html\football\1998\week6p.htm --> members.aol.com /brucepayne/football/1998 week6p.htm
98.10.08 12:02 B c:\html\football\1998\overall.htm --> members.aol.com /brucepayne/football/1998 overall.htm
98.10.08 12:02 B c:\html\football\1998\week6r.htm --> members.aol.com /brucepayne/football/1998 week6r.htm
98.10.08 12:02 B c:\html\football\1998\week7p.htm --> members.aol.com /brucepayne/football/1998 week7p.htm
98.10.10 16:18 B c:\html\football\1998\overall.htm --> members.aol.com /brucepayne/football/1998 overall.htm
98.10.10 16:18 B c:\html\football\1998\week7r.htm --> members.aol.com /brucepayne/football/1998 week7r.htm
98.10.10 16:18 B c:\html\football\1998\week8p.htm --> members.aol.com /brucepayne/football/1998 week8p.htm
98.10.22 16:50 B c:\html\football\1998\overall.htm --> members.aol.com /brucepayne/football/1998 overall.htm
98.10.22 16:50 B c:\html\football\1998\week8r.htm --> members.aol.com /brucepayne/football/1998 week8r.htm
98.10.22 16:50 B c:\html\football\1998\week9p.htm --> members.aol.com /brucepayne/football/1998 week9p.htm
98.10.29 16:43 B c:\html\football\1998\overall.htm --> members.aol.com /brucepayne/football/1998 overall.htm
98.10.29 16:44 B c:\html\football\1998\week10p.htm --> members.aol.com /brucepayne/football/1998 week10p.htm
98.10.29 16:44 B c:\html\football\1998\week9r.htm --> members.aol.com /brucepayne/football/1998 week9r.htm
98.11.05 09:24 B c:\html\football\1998\overall.htm --> members.aol.com /brucepayne/football/1998 overall.htm
98.11.05 09:24 B c:\html\football\1998\week10r.htm --> members.aol.com /brucepayne/football/1998 week10r.htm
98.11.05 09:24 B c:\html\football\1998\week11p.htm --> members.aol.com /brucepayne/football/1998 week11p.htm
98.11.15 07:42 B c:\html\football\1998\overall.htm --> members.aol.com /brucepayne/football/1998 overall.htm
98.11.15 07:42 B c:\html\football\1998\week11r.htm --> members.aol.com /brucepayne/football/1998 week11r.htm
98.11.15 07:42 B c:\html\football\1998\week12p.htm --> members.aol.com /brucepayne/football/1998 week12p.htm
98.11.15 07:42 B c:\html\football\1998\week12r.htm --> members.aol.com /brucepayne/football/1998 week12r.htm
98.11.15 07:42 B c:\html\football\1998\week13p.htm --> members.aol.com /brucepayne/football/1998 week13p.htm
98.11.21 13:38 B c:\html\football\1998\overall.htm --> members.aol.com /brucepayne/football/1998 overall.htm
98.11.21 13:38 B c:\html\football\1998\week13r.htm --> members.aol.com /brucepayne/football/1998 week13r.htm
98.11.21 13:38 B c:\html\football\1998\week14p.htm --> members.aol.com /brucepayne/football/1998 week14p.htm
98.12.03 12:04 B c:\html\football\1998\overall.htm --> members.aol.com /brucepayne/football/1998 overall.htm
98.12.03 12:04 B c:\html\football\1998\week14r.htm --> members.aol.com /brucepayne/football/1998 week14r.htm
98.12.03 12:04 B c:\html\football\1998\week15p.htm --> members.aol.com /brucepayne/football/1998 week15p.htm
